٢٠٢٠-١٠-٢٨ ١٣:٢٧:٣٧.٢٠٠  INFO 5916 --- [main] com.example.demo.SareetaApplication      : Starting SareetaApplication on Hani with PID 5916 (started by cris in C:\EclipseWorkspaces\csse120\P04-eCommerce Application\starter_code)
٢٠٢٠-١٠-٢٨ ١٣:٢٧:٣٧.٢٠٣  INFO 5916 --- [main] com.example.demo.SareetaApplication      : No active profile set, falling back to default profiles: default
٢٠٢٠-١٠-٢٨ ١٣:٢٧:٣٨.٥٣٩  INFO 5916 --- [main] .s.d.r.c.RepositoryConfigurationDelegate : Bootstrapping Spring Data repositories in DEFAULT mode.
٢٠٢٠-١٠-٢٨ ١٣:٢٧:٣٨.٦٦٦  INFO 5916 --- [main] .s.d.r.c.RepositoryConfigurationDelegate : Finished Spring Data repository scanning in 110ms. Found 4 repository interfaces.
٢٠٢٠-١٠-٢٨ ١٣:٢٧:٣٩.٥٥٧  INFO 5916 --- [main] trationDelegate$BeanPostProcessorChecker : Bean 'org.springframework.transaction.annotation.ProxyTransactionManagementConfiguration' of type [org.springframework.transaction.annotation.ProxyTransactionManagementConfiguration$$EnhancerBySpringCGLIB$$6822080d] is not eligible for getting processed by all BeanPostProcessors (for example: not eligible for auto-proxying)
٢٠٢٠-١٠-٢٨ ١٣:٢٧:٣٩.٦٢٨  INFO 5916 --- [main] trationDelegate$BeanPostProcessorChecker : Bean 'org.springframework.security.config.annotation.configuration.ObjectPostProcessorConfiguration' of type [org.springframework.security.config.annotation.configuration.ObjectPostProcessorConfiguration$$EnhancerBySpringCGLIB$$cfd047] is not eligible for getting processed by all BeanPostProcessors (for example: not eligible for auto-proxying)
٢٠٢٠-١٠-٢٨ ١٣:٢٧:٣٩.٦٣٩  INFO 5916 --- [main] trationDelegate$BeanPostProcessorChecker : Bean 'objectPostProcessor' of type [org.springframework.security.config.annotation.configuration.AutowireBeanFactoryObjectPostProcessor] is not eligible for getting processed by all BeanPostProcessors (for example: not eligible for auto-proxying)
٢٠٢٠-١٠-٢٨ ١٣:٢٧:٣٩.٦٤٢  INFO 5916 --- [main] trationDelegate$BeanPostProcessorChecker : Bean 'org.springframework.security.access.expression.method.DefaultMethodSecurityExpressionHandler@2d5f7182' of type [org.springframework.security.access.expression.method.DefaultMethodSecurityExpressionHandler] is not eligible for getting processed by all BeanPostProcessors (for example: not eligible for auto-proxying)
٢٠٢٠-١٠-٢٨ ١٣:٢٧:٣٩.٦٤٥  INFO 5916 --- [main] trationDelegate$BeanPostProcessorChecker : Bean 'org.springframework.security.config.annotation.method.configuration.GlobalMethodSecurityConfiguration' of type [org.springframework.security.config.annotation.method.configuration.GlobalMethodSecurityConfiguration$$EnhancerBySpringCGLIB$$25a472f9] is not eligible for getting processed by all BeanPostProcessors (for example: not eligible for auto-proxying)
٢٠٢٠-١٠-٢٨ ١٣:٢٧:٣٩.٦٥٥  INFO 5916 --- [main] trationDelegate$BeanPostProcessorChecker : Bean 'methodSecurityMetadataSource' of type [org.springframework.security.access.method.DelegatingMethodSecurityMetadataSource] is not eligible for getting processed by all BeanPostProcessors (for example: not eligible for auto-proxying)
٢٠٢٠-١٠-٢٨ ١٣:٢٧:٤٠.٢٢٥  INFO 5916 --- [main] o.s.b.w.embedded.tomcat.TomcatWebServer  : Tomcat initialized with port(s): 8080 (http)
٢٠٢٠-١٠-٢٨ ١٣:٢٧:٤٠.٢٨٠  INFO 5916 --- [main] o.apache.catalina.core.StandardService   : Starting service [Tomcat]
٢٠٢٠-١٠-٢٨ ١٣:٢٧:٤٠.٢٨١  INFO 5916 --- [main] org.apache.catalina.core.StandardEngine  : Starting Servlet engine: [Apache Tomcat/9.0.19]
٢٠٢٠-١٠-٢٨ ١٣:٢٧:٤٠.٥١٨  INFO 5916 --- [main] o.a.c.c.C.[Tomcat].[localhost].[/]       : Initializing Spring embedded WebApplicationContext
٢٠٢٠-١٠-٢٨ ١٣:٢٧:٤٠.٥١٨  INFO 5916 --- [main] o.s.web.context.ContextLoader            : Root WebApplicationContext: initialization completed in 3183 ms
٢٠٢٠-١٠-٢٨ ١٣:٢٧:٤٠.٨٠٤  INFO 5916 --- [main] com.zaxxer.hikari.HikariDataSource       : HikariPool-1 - Starting...
٢٠٢٠-١٠-٢٨ ١٣:٢٧:٤١.٠٥٦  INFO 5916 --- [main] com.zaxxer.hikari.HikariDataSource       : HikariPool-1 - Start completed.
٢٠٢٠-١٠-٢٨ ١٣:٢٧:٤١.١٣٦  INFO 5916 --- [main] o.hibernate.jpa.internal.util.LogHelper  : HHH000204: Processing PersistenceUnitInfo [
	name: default
	...]
٢٠٢٠-١٠-٢٨ ١٣:٢٧:٤١.٢٤٦  INFO 5916 --- [main] org.hibernate.Version                    : HHH000412: Hibernate Core {5.3.10.Final}
٢٠٢٠-١٠-٢٨ ١٣:٢٧:٤١.٢٤٨  INFO 5916 --- [main] org.hibernate.cfg.Environment            : HHH000206: hibernate.properties not found
٢٠٢٠-١٠-٢٨ ١٣:٢٧:٤١.٤٢٥  INFO 5916 --- [main] o.hibernate.annotations.common.Version   : HCANN000001: Hibernate Commons Annotations {5.0.4.Final}
٢٠٢٠-١٠-٢٨ ١٣:٢٧:٤١.٦٥٤  INFO 5916 --- [main] org.hibernate.dialect.Dialect            : HHH000400: Using dialect: org.hibernate.dialect.H2Dialect
٢٠٢٠-١٠-٢٨ ١٣:٢٧:٤٢.٨٨٨  INFO 5916 --- [main] j.LocalContainerEntityManagerFactoryBean : Initialized JPA EntityManagerFactory for persistence unit 'default'
٢٠٢٠-١٠-٢٨ ١٣:٢٧:٤٣.٨٧٨  INFO 5916 --- [main] o.s.s.web.DefaultSecurityFilterChain     : Creating filter chain: any request, [org.springframework.security.web.context.request.async.WebAsyncManagerIntegrationFilter@1d6a22dd, org.springframework.security.web.context.SecurityContextPersistenceFilter@746f8520, org.springframework.security.web.header.HeaderWriterFilter@8c3b634, org.springframework.web.filter.CorsFilter@67671db1, org.springframework.security.web.authentication.logout.LogoutFilter@3c9971af, com.example.demo.model.security.JWTAuthenticationFilter@6e6f5842, com.example.demo.model.security.JWTAuthorizationVerficationFilter@60b4c754, org.springframework.security.web.savedrequest.RequestCacheAwareFilter@1ee22768, org.springframework.security.web.servletapi.SecurityContextHolderAwareRequestFilter@17fb5184, org.springframework.security.web.authentication.AnonymousAuthenticationFilter@2c846d55, org.springframework.security.web.session.SessionManagementFilter@1e27bb89, org.springframework.security.web.access.ExceptionTranslationFilter@417751d3, org.springframework.security.web.access.intercept.FilterSecurityInterceptor@1942a36e]
٢٠٢٠-١٠-٢٨ ١٣:٢٧:٤٤.١٦٥  INFO 5916 --- [main] o.s.s.concurrent.ThreadPoolTaskExecutor  : Initializing ExecutorService 'applicationTaskExecutor'
٢٠٢٠-١٠-٢٨ ١٣:٢٧:٤٤.٢٣٢  WARN 5916 --- [main] aWebConfiguration$JpaWebMvcConfiguration : spring.jpa.open-in-view is enabled by default. Therefore, database queries may be performed during view rendering. Explicitly configure spring.jpa.open-in-view to disable this warning
٢٠٢٠-١٠-٢٨ ١٣:٢٧:٤٤.٧٤١  INFO 5916 --- [main] o.s.b.w.embedded.tomcat.TomcatWebServer  : Tomcat started on port(s): 8080 (http) with context path ''
٢٠٢٠-١٠-٢٨ ١٣:٢٧:٤٤.٧٤٥  INFO 5916 --- [main] com.example.demo.SareetaApplication      : Started SareetaApplication in 8.175 seconds (JVM running for 8.963)
٢٠٢٠-١٠-٢٨ ١٣:٢٨:١١.٧١٥  INFO 5916 --- [http-nio-8080-exec-1] o.a.c.c.C.[Tomcat].[localhost].[/]       : Initializing Spring DispatcherServlet 'dispatcherServlet'
٢٠٢٠-١٠-٢٨ ١٣:٢٨:١١.٧١٦  INFO 5916 --- [http-nio-8080-exec-1] o.s.web.servlet.DispatcherServlet        : Initializing Servlet 'dispatcherServlet'
٢٠٢٠-١٠-٢٨ ١٣:٢٨:١١.٧٣٢  INFO 5916 --- [http-nio-8080-exec-1] o.s.web.servlet.DispatcherServlet        : Completed initialization in 16 ms
٢٠٢٠-١٠-٢٨ ١٣:٢٨:١٢.١٣٣  INFO 5916 --- [http-nio-8080-exec-1] c.e.demo.controllers.UserController      : The User : BlueFish123  Created successes
٢٠٢٠-١٠-٢٨ ١٣:٢٨:١٧.٣٣٤  INFO 5916 --- [http-nio-8080-exec-2] o.h.h.i.QueryTranslatorFactoryInitiator  : HHH000397: Using ASTQueryTranslatorFactory
٢٠٢٠-١٠-٢٨ ١٣:٢٨:٢٦.٣٢٢  INFO 5916 --- [http-nio-8080-exec-3] c.e.demo.controllers.UserController      : the User :BlueFish123 add item :Round Widget to the cart successes
٢٠٢٠-١٠-٢٨ ١٣:٢٩:٣٢.٢٦٠  INFO 5916 --- [http-nio-8080-exec-5] c.e.demo.controllers.UserController      : the User :BlueFish123 add item :Square Widget to the cart successes
٢٠٢٠-١٠-٢٨ ١٣:٤٥:٣٣.١٥٤  INFO 5916 --- [http-nio-8080-exec-2] c.e.demo.controllers.UserController      : the User :BlueFish123 add item :Square Widget to the cart successes
٢٠٢٠-١٠-٢٨ ١٣:٤٩:٤٩.٤٥٣  INFO 7208 --- [main] com.example.demo.SareetaApplication      : Starting SareetaApplication on Hani with PID 7208 (started by cris in C:\EclipseWorkspaces\csse120\P04-eCommerce Application\starter_code)
٢٠٢٠-١٠-٢٨ ١٣:٤٩:٤٩.٤٥٤  INFO 7208 --- [main] com.example.demo.SareetaApplication      : No active profile set, falling back to default profiles: default
٢٠٢٠-١٠-٢٨ ١٣:٤٩:٥٠.٦١٥  INFO 7208 --- [main] .s.d.r.c.RepositoryConfigurationDelegate : Bootstrapping Spring Data repositories in DEFAULT mode.
٢٠٢٠-١٠-٢٨ ١٣:٤٩:٥٠.٧١٦  INFO 7208 --- [main] .s.d.r.c.RepositoryConfigurationDelegate : Finished Spring Data repository scanning in 86ms. Found 4 repository interfaces.
٢٠٢٠-١٠-٢٨ ١٣:٤٩:٥١.٥٠٧  INFO 7208 --- [main] trationDelegate$BeanPostProcessorChecker : Bean 'org.springframework.transaction.annotation.ProxyTransactionManagementConfiguration' of type [org.springframework.transaction.annotation.ProxyTransactionManagementConfiguration$$EnhancerBySpringCGLIB$$49c14a4a] is not eligible for getting processed by all BeanPostProcessors (for example: not eligible for auto-proxying)
٢٠٢٠-١٠-٢٨ ١٣:٤٩:٥١.٥٩٦  INFO 7208 --- [main] trationDelegate$BeanPostProcessorChecker : Bean 'org.springframework.security.config.annotation.configuration.ObjectPostProcessorConfiguration' of type [org.springframework.security.config.annotation.configuration.ObjectPostProcessorConfiguration$$EnhancerBySpringCGLIB$$e26f1284] is not eligible for getting processed by all BeanPostProcessors (for example: not eligible for auto-proxying)
٢٠٢٠-١٠-٢٨ ١٣:٤٩:٥١.٦٠٦  INFO 7208 --- [main] trationDelegate$BeanPostProcessorChecker : Bean 'objectPostProcessor' of type [org.springframework.security.config.annotation.configuration.AutowireBeanFactoryObjectPostProcessor] is not eligible for getting processed by all BeanPostProcessors (for example: not eligible for auto-proxying)
٢٠٢٠-١٠-٢٨ ١٣:٤٩:٥١.٦١٥  INFO 7208 --- [main] trationDelegate$BeanPostProcessorChecker : Bean 'org.springframework.security.access.expression.method.DefaultMethodSecurityExpressionHandler@5bca7664' of type [org.springframework.security.access.expression.method.DefaultMethodSecurityExpressionHandler] is not eligible for getting processed by all BeanPostProcessors (for example: not eligible for auto-proxying)
٢٠٢٠-١٠-٢٨ ١٣:٤٩:٥١.٦١٩  INFO 7208 --- [main] trationDelegate$BeanPostProcessorChecker : Bean 'org.springframework.security.config.annotation.method.configuration.GlobalMethodSecurityConfiguration' of type [org.springframework.security.config.annotation.method.configuration.GlobalMethodSecurityConfiguration$$EnhancerBySpringCGLIB$$743b536] is not eligible for getting processed by all BeanPostProcessors (for example: not eligible for auto-proxying)
٢٠٢٠-١٠-٢٨ ١٣:٤٩:٥١.٦٢٦  INFO 7208 --- [main] trationDelegate$BeanPostProcessorChecker : Bean 'methodSecurityMetadataSource' of type [org.springframework.security.access.method.DelegatingMethodSecurityMetadataSource] is not eligible for getting processed by all BeanPostProcessors (for example: not eligible for auto-proxying)
٢٠٢٠-١٠-٢٨ ١٣:٤٩:٥٢.١٩٢  INFO 7208 --- [main] o.s.b.w.embedded.tomcat.TomcatWebServer  : Tomcat initialized with port(s): 8080 (http)
٢٠٢٠-١٠-٢٨ ١٣:٤٩:٥٢.٢٣٢  INFO 7208 --- [main] o.apache.catalina.core.StandardService   : Starting service [Tomcat]
٢٠٢٠-١٠-٢٨ ١٣:٤٩:٥٢.٢٣٣  INFO 7208 --- [main] org.apache.catalina.core.StandardEngine  : Starting Servlet engine: [Apache Tomcat/9.0.19]
٢٠٢٠-١٠-٢٨ ١٣:٤٩:٥٢.٤٤٣  INFO 7208 --- [main] o.a.c.c.C.[Tomcat].[localhost].[/]       : Initializing Spring embedded WebApplicationContext
٢٠٢٠-١٠-٢٨ ١٣:٤٩:٥٢.٤٤٤  INFO 7208 --- [main] o.s.web.context.ContextLoader            : Root WebApplicationContext: initialization completed in 2859 ms
٢٠٢٠-١٠-٢٨ ١٣:٤٩:٥٢.٧٤٢  INFO 7208 --- [main] com.zaxxer.hikari.HikariDataSource       : HikariPool-1 - Starting...
٢٠٢٠-١٠-٢٨ ١٣:٤٩:٥٣.٠٠٣  INFO 7208 --- [main] com.zaxxer.hikari.HikariDataSource       : HikariPool-1 - Start completed.
٢٠٢٠-١٠-٢٨ ١٣:٤٩:٥٣.٠٨٨  INFO 7208 --- [main] o.hibernate.jpa.internal.util.LogHelper  : HHH000204: Processing PersistenceUnitInfo [
	name: default
	...]
٢٠٢٠-١٠-٢٨ ١٣:٤٩:٥٣.١٩٧  INFO 7208 --- [main] org.hibernate.Version                    : HHH000412: Hibernate Core {5.3.10.Final}
٢٠٢٠-١٠-٢٨ ١٣:٤٩:٥٣.٢٠١  INFO 7208 --- [main] org.hibernate.cfg.Environment            : HHH000206: hibernate.properties not found
٢٠٢٠-١٠-٢٨ ١٣:٤٩:٥٣.٤٠٢  INFO 7208 --- [main] o.hibernate.annotations.common.Version   : HCANN000001: Hibernate Commons Annotations {5.0.4.Final}
٢٠٢٠-١٠-٢٨ ١٣:٤٩:٥٣.٦٤١  INFO 7208 --- [main] org.hibernate.dialect.Dialect            : HHH000400: Using dialect: org.hibernate.dialect.H2Dialect
٢٠٢٠-١٠-٢٨ ١٣:٤٩:٥٤.٦٩٣  INFO 7208 --- [main] j.LocalContainerEntityManagerFactoryBean : Initialized JPA EntityManagerFactory for persistence unit 'default'
٢٠٢٠-١٠-٢٨ ١٣:٤٩:٥٥.٦١١  INFO 7208 --- [main] o.s.s.web.DefaultSecurityFilterChain     : Creating filter chain: any request, [org.springframework.security.web.context.request.async.WebAsyncManagerIntegrationFilter@7aca299e, org.springframework.security.web.context.SecurityContextPersistenceFilter@564d3940, org.springframework.security.web.header.HeaderWriterFilter@184bb873, org.springframework.web.filter.CorsFilter@1bf52f10, org.springframework.security.web.authentication.logout.LogoutFilter@2b06681c, com.example.demo.model.security.JWTAuthenticationFilter@6148827c, com.example.demo.model.security.JWTAuthorizationVerficationFilter@4da9da6c, org.springframework.security.web.savedrequest.RequestCacheAwareFilter@526fc044, org.springframework.security.web.servletapi.SecurityContextHolderAwareRequestFilter@3c9971af, org.springframework.security.web.authentication.AnonymousAuthenticationFilter@66048c9e, org.springframework.security.web.session.SessionManagementFilter@5eba9e41, org.springframework.security.web.access.ExceptionTranslationFilter@3130ca39, org.springframework.security.web.access.intercept.FilterSecurityInterceptor@2ec156fb]
٢٠٢٠-١٠-٢٨ ١٣:٤٩:٥٥.٩٢١  INFO 7208 --- [main] o.s.s.concurrent.ThreadPoolTaskExecutor  : Initializing ExecutorService 'applicationTaskExecutor'
٢٠٢٠-١٠-٢٨ ١٣:٤٩:٥٥.٩٩٨  WARN 7208 --- [main] aWebConfiguration$JpaWebMvcConfiguration : spring.jpa.open-in-view is enabled by default. Therefore, database queries may be performed during view rendering. Explicitly configure spring.jpa.open-in-view to disable this warning
٢٠٢٠-١٠-٢٨ ١٣:٤٩:٥٦.٤٩٩  INFO 7208 --- [main] o.s.b.w.embedded.tomcat.TomcatWebServer  : Tomcat started on port(s): 8080 (http) with context path ''
٢٠٢٠-١٠-٢٨ ١٣:٤٩:٥٦.٥١٢  INFO 7208 --- [main] com.example.demo.SareetaApplication      : Started SareetaApplication in 7.569 seconds (JVM running for 8.385)
٢٠٢٠-١٠-٢٨ ١٣:٥٠:٣٠.٢٠٢  INFO 7208 --- [http-nio-8080-exec-2] o.a.c.c.C.[Tomcat].[localhost].[/]       : Initializing Spring DispatcherServlet 'dispatcherServlet'
٢٠٢٠-١٠-٢٨ ١٣:٥٠:٣٠.٢٠٣  INFO 7208 --- [http-nio-8080-exec-2] o.s.web.servlet.DispatcherServlet        : Initializing Servlet 'dispatcherServlet'
٢٠٢٠-١٠-٢٨ ١٣:٥٠:٣٠.٢٢٠  INFO 7208 --- [http-nio-8080-exec-2] o.s.web.servlet.DispatcherServlet        : Completed initialization in 17 ms
٢٠٢٠-١٠-٢٨ ١٣:٥٠:٣٠.٦٨٢  INFO 7208 --- [http-nio-8080-exec-2] c.e.demo.controllers.UserController      : The User : BlueFish123  Created successes
٢٠٢٠-١٠-٢٨ ١٣:٥٠:٣٤.٨٢٥  INFO 7208 --- [http-nio-8080-exec-1] o.h.h.i.QueryTranslatorFactoryInitiator  : HHH000397: Using ASTQueryTranslatorFactory
٢٠٢٠-١٠-٢٨ ١٣:٥٠:٤٦.٥٠٨  INFO 7208 --- [http-nio-8080-exec-3] c.e.demo.controllers.UserController      : the User :BlueFish123 add item :Square Widget to the cart successes
٢٠٢٠-١٠-٢٨ ١٣:٥٦:٣٦.٦٨٨  INFO 5664 --- [main] com.example.demo.SareetaApplication      : Starting SareetaApplication on Hani with PID 5664 (started by cris in C:\EclipseWorkspaces\csse120\P04-eCommerce Application\starter_code)
٢٠٢٠-١٠-٢٨ ١٣:٥٦:٣٦.٦٩١  INFO 5664 --- [main] com.example.demo.SareetaApplication      : No active profile set, falling back to default profiles: default
٢٠٢٠-١٠-٢٨ ١٣:٥٦:٣٧.٩٦٦  INFO 5664 --- [main] .s.d.r.c.RepositoryConfigurationDelegate : Bootstrapping Spring Data repositories in DEFAULT mode.
٢٠٢٠-١٠-٢٨ ١٣:٥٦:٣٨.٠٨٩  INFO 5664 --- [main] .s.d.r.c.RepositoryConfigurationDelegate : Finished Spring Data repository scanning in 97ms. Found 4 repository interfaces.
٢٠٢٠-١٠-٢٨ ١٣:٥٦:٣٨.٨٨٦  INFO 5664 --- [main] trationDelegate$BeanPostProcessorChecker : Bean 'org.springframework.transaction.annotation.ProxyTransactionManagementConfiguration' of type [org.springframework.transaction.annotation.ProxyTransactionManagementConfiguration$$EnhancerBySpringCGLIB$$b2e1bffe] is not eligible for getting processed by all BeanPostProcessors (for example: not eligible for auto-proxying)
٢٠٢٠-١٠-٢٨ ١٣:٥٦:٣٨.٩٤٧  INFO 5664 --- [main] trationDelegate$BeanPostProcessorChecker : Bean 'org.springframework.security.config.annotation.configuration.ObjectPostProcessorConfiguration' of type [org.springframework.security.config.annotation.configuration.ObjectPostProcessorConfiguration$$EnhancerBySpringCGLIB$$4b8f8838] is not eligible for getting processed by all BeanPostProcessors (for example: not eligible for auto-proxying)
٢٠٢٠-١٠-٢٨ ١٣:٥٦:٣٨.٩٦٠  INFO 5664 --- [main] trationDelegate$BeanPostProcessorChecker : Bean 'objectPostProcessor' of type [org.springframework.security.config.annotation.configuration.AutowireBeanFactoryObjectPostProcessor] is not eligible for getting processed by all BeanPostProcessors (for example: not eligible for auto-proxying)
٢٠٢٠-١٠-٢٨ ١٣:٥٦:٣٨.٩٦٢  INFO 5664 --- [main] trationDelegate$BeanPostProcessorChecker : Bean 'org.springframework.security.access.expression.method.DefaultMethodSecurityExpressionHandler@6818d900' of type [org.springframework.security.access.expression.method.DefaultMethodSecurityExpressionHandler] is not eligible for getting processed by all BeanPostProcessors (for example: not eligible for auto-proxying)
٢٠٢٠-١٠-٢٨ ١٣:٥٦:٣٨.٩٦٦  INFO 5664 --- [main] trationDelegate$BeanPostProcessorChecker : Bean 'org.springframework.security.config.annotation.method.configuration.GlobalMethodSecurityConfiguration' of type [org.springframework.security.config.annotation.method.configuration.GlobalMethodSecurityConfiguration$$EnhancerBySpringCGLIB$$70642aea] is not eligible for getting processed by all BeanPostProcessors (for example: not eligible for auto-proxying)
٢٠٢٠-١٠-٢٨ ١٣:٥٦:٣٨.٩٧٣  INFO 5664 --- [main] trationDelegate$BeanPostProcessorChecker : Bean 'methodSecurityMetadataSource' of type [org.springframework.security.access.method.DelegatingMethodSecurityMetadataSource] is not eligible for getting processed by all BeanPostProcessors (for example: not eligible for auto-proxying)
٢٠٢٠-١٠-٢٨ ١٣:٥٦:٣٩.٥٧١  INFO 5664 --- [main] o.s.b.w.embedded.tomcat.TomcatWebServer  : Tomcat initialized with port(s): 8080 (http)
٢٠٢٠-١٠-٢٨ ١٣:٥٦:٣٩.٦١٤  INFO 5664 --- [main] o.apache.catalina.core.StandardService   : Starting service [Tomcat]
٢٠٢٠-١٠-٢٨ ١٣:٥٦:٣٩.٦١٥  INFO 5664 --- [main] org.apache.catalina.core.StandardEngine  : Starting Servlet engine: [Apache Tomcat/9.0.19]
٢٠٢٠-١٠-٢٨ ١٣:٥٦:٣٩.٨٣٦  INFO 5664 --- [main] o.a.c.c.C.[Tomcat].[localhost].[/]       : Initializing Spring embedded WebApplicationContext
٢٠٢٠-١٠-٢٨ ١٣:٥٦:٣٩.٨٣٨  INFO 5664 --- [main] o.s.web.context.ContextLoader            : Root WebApplicationContext: initialization completed in 3014 ms
٢٠٢٠-١٠-٢٨ ١٣:٥٦:٤٠.١١٧  INFO 5664 --- [main] com.zaxxer.hikari.HikariDataSource       : HikariPool-1 - Starting...
٢٠٢٠-١٠-٢٨ ١٣:٥٦:٤٠.٣٥٨  INFO 5664 --- [main] com.zaxxer.hikari.HikariDataSource       : HikariPool-1 - Start completed.
٢٠٢٠-١٠-٢٨ ١٣:٥٦:٤٠.٤٥٧  INFO 5664 --- [main] o.hibernate.jpa.internal.util.LogHelper  : HHH000204: Processing PersistenceUnitInfo [
	name: default
	...]
٢٠٢٠-١٠-٢٨ ١٣:٥٦:٤٠.٥٨٦  INFO 5664 --- [main] org.hibernate.Version                    : HHH000412: Hibernate Core {5.3.10.Final}
٢٠٢٠-١٠-٢٨ ١٣:٥٦:٤٠.٥٨٨  INFO 5664 --- [main] org.hibernate.cfg.Environment            : HHH000206: hibernate.properties not found
٢٠٢٠-١٠-٢٨ ١٣:٥٦:٤٠.٧٧٩  INFO 5664 --- [main] o.hibernate.annotations.common.Version   : HCANN000001: Hibernate Commons Annotations {5.0.4.Final}
٢٠٢٠-١٠-٢٨ ١٣:٥٦:٤٠.٩٩٦  INFO 5664 --- [main] org.hibernate.dialect.Dialect            : HHH000400: Using dialect: org.hibernate.dialect.H2Dialect
٢٠٢٠-١٠-٢٨ ١٣:٥٦:٤٢.١٠٩  INFO 5664 --- [main] j.LocalContainerEntityManagerFactoryBean : Initialized JPA EntityManagerFactory for persistence unit 'default'
٢٠٢٠-١٠-٢٨ ١٣:٥٦:٤٣.١٠٨  INFO 5664 --- [main] o.s.s.web.DefaultSecurityFilterChain     : Creating filter chain: any request, [org.springframework.security.web.context.request.async.WebAsyncManagerIntegrationFilter@64a8d575, org.springframework.security.web.context.SecurityContextPersistenceFilter@1c5fd813, org.springframework.security.web.header.HeaderWriterFilter@7adbec34, org.springframework.web.filter.CorsFilter@74787609, org.springframework.security.web.authentication.logout.LogoutFilter@3a45308f, com.example.demo.model.security.JWTAuthenticationFilter@36cdcae0, com.example.demo.model.security.JWTAuthorizationVerficationFilter@51fa09c7, org.springframework.security.web.savedrequest.RequestCacheAwareFilter@3c9971af, org.springframework.security.web.servletapi.SecurityContextHolderAwareRequestFilter@6fe9c048, org.springframework.security.web.authentication.AnonymousAuthenticationFilter@73db7df0, org.springframework.security.web.session.SessionManagementFilter@66abc325, org.springframework.security.web.access.ExceptionTranslationFilter@526fc044, org.springframework.security.web.access.intercept.FilterSecurityInterceptor@4da9da6c]
٢٠٢٠-١٠-٢٨ ١٣:٥٦:٤٣.٤١٨  INFO 5664 --- [main] o.s.s.concurrent.ThreadPoolTaskExecutor  : Initializing ExecutorService 'applicationTaskExecutor'
٢٠٢٠-١٠-٢٨ ١٣:٥٦:٤٣.٤٨٣  WARN 5664 --- [main] aWebConfiguration$JpaWebMvcConfiguration : spring.jpa.open-in-view is enabled by default. Therefore, database queries may be performed during view rendering. Explicitly configure spring.jpa.open-in-view to disable this warning
٢٠٢٠-١٠-٢٨ ١٣:٥٦:٤٣.٩٨٩  INFO 5664 --- [main] o.s.b.w.embedded.tomcat.TomcatWebServer  : Tomcat started on port(s): 8080 (http) with context path ''
٢٠٢٠-١٠-٢٨ ١٣:٥٦:٤٤.٠٠٦  INFO 5664 --- [main] com.example.demo.SareetaApplication      : Started SareetaApplication in 7.865 seconds (JVM running for 8.605)
٢٠٢٠-١٠-٢٨ ١٣:٥٧:٢٣.٧٤٠  INFO 5664 --- [http-nio-8080-exec-1] o.a.c.c.C.[Tomcat].[localhost].[/]       : Initializing Spring DispatcherServlet 'dispatcherServlet'
٢٠٢٠-١٠-٢٨ ١٣:٥٧:٢٣.٧٤١  INFO 5664 --- [http-nio-8080-exec-1] o.s.web.servlet.DispatcherServlet        : Initializing Servlet 'dispatcherServlet'
٢٠٢٠-١٠-٢٨ ١٣:٥٧:٢٣.٧٥٩  INFO 5664 --- [http-nio-8080-exec-1] o.s.web.servlet.DispatcherServlet        : Completed initialization in 17 ms
٢٠٢٠-١٠-٢٨ ١٣:٥٧:٢٤.٢٥١  INFO 5664 --- [http-nio-8080-exec-1] c.e.demo.controllers.UserController      : The User : BlueFish  Created successes
٢٠٢٠-١٠-٢٨ ١٣:٥٧:٣٨.٢٩٩  INFO 5664 --- [http-nio-8080-exec-2] o.h.h.i.QueryTranslatorFactoryInitiator  : HHH000397: Using ASTQueryTranslatorFactory
٢٠٢٠-١٠-٢٨ ١٣:٥٧:٣٨.٤٧١ ERROR 5664 --- [http-nio-8080-exec-2] c.e.demo.controllers.UserController      : Error add item to the cart ! 
٢٠٢٠-١٠-٢٨ ١٣:٥٩:٣٨.٨٧٢  INFO 5664 --- [http-nio-8080-exec-6] c.e.demo.controllers.UserController      : the User :BlueFish add item :Square Widget to the cart successes
٢٠٢٠-١٠-٢٨ ١٤:٠٦:٥٠.٦٣٠  INFO 8788 --- [main] com.example.demo.SareetaApplication      : Starting SareetaApplication on Hani with PID 8788 (started by cris in C:\EclipseWorkspaces\csse120\P04-eCommerce Application\starter_code)
٢٠٢٠-١٠-٢٨ ١٤:٠٦:٥٠.٦٣٢  INFO 8788 --- [main] com.example.demo.SareetaApplication      : No active profile set, falling back to default profiles: default
٢٠٢٠-١٠-٢٨ ١٤:٠٦:٥٤.٥٢٣  INFO 8788 --- [main] .s.d.r.c.RepositoryConfigurationDelegate : Bootstrapping Spring Data repositories in DEFAULT mode.
٢٠٢٠-١٠-٢٨ ١٤:٠٦:٥٤.٦٣٥  INFO 8788 --- [main] .s.d.r.c.RepositoryConfigurationDelegate : Finished Spring Data repository scanning in 90ms. Found 4 repository interfaces.
٢٠٢٠-١٠-٢٨ ١٤:٠٦:٥٦.٢٣٢  INFO 8788 --- [main] trationDelegate$BeanPostProcessorChecker : Bean 'org.springframework.transaction.annotation.ProxyTransactionManagementConfiguration' of type [org.springframework.transaction.annotation.ProxyTransactionManagementConfiguration$$EnhancerBySpringCGLIB$$307e4ac6] is not eligible for getting processed by all BeanPostProcessors (for example: not eligible for auto-proxying)
٢٠٢٠-١٠-٢٨ ١٤:٠٦:٥٦.٦١٧  INFO 8788 --- [main] trationDelegate$BeanPostProcessorChecker : Bean 'org.springframework.security.config.annotation.configuration.ObjectPostProcessorConfiguration' of type [org.springframework.security.config.annotation.configuration.ObjectPostProcessorConfiguration$$EnhancerBySpringCGLIB$$c92c1300] is not eligible for getting processed by all BeanPostProcessors (for example: not eligible for auto-proxying)
٢٠٢٠-١٠-٢٨ ١٤:٠٦:٥٦.٧٠٩  INFO 8788 --- [main] trationDelegate$BeanPostProcessorChecker : Bean 'objectPostProcessor' of type [org.springframework.security.config.annotation.configuration.AutowireBeanFactoryObjectPostProcessor] is not eligible for getting processed by all BeanPostProcessors (for example: not eligible for auto-proxying)
٢٠٢٠-١٠-٢٨ ١٤:٠٦:٥٦.٧١٥  INFO 8788 --- [main] trationDelegate$BeanPostProcessorChecker : Bean 'org.springframework.security.access.expression.method.DefaultMethodSecurityExpressionHandler@540dbda9' of type [org.springframework.security.access.expression.method.DefaultMethodSecurityExpressionHandler] is not eligible for getting processed by all BeanPostProcessors (for example: not eligible for auto-proxying)
٢٠٢٠-١٠-٢٨ ١٤:٠٦:٥٦.٧١٩  INFO 8788 --- [main] trationDelegate$BeanPostProcessorChecker : Bean 'org.springframework.security.config.annotation.method.configuration.GlobalMethodSecurityConfiguration' of type [org.springframework.security.config.annotation.method.configuration.GlobalMethodSecurityConfiguration$$EnhancerBySpringCGLIB$$ee00b5b2] is not eligible for getting processed by all BeanPostProcessors (for example: not eligible for auto-proxying)
٢٠٢٠-١٠-٢٨ ١٤:٠٦:٥٦.٧٢٩  INFO 8788 --- [main] trationDelegate$BeanPostProcessorChecker : Bean 'methodSecurityMetadataSource' of type [org.springframework.security.access.method.DelegatingMethodSecurityMetadataSource] is not eligible for getting processed by all BeanPostProcessors (for example: not eligible for auto-proxying)
٢٠٢٠-١٠-٢٨ ١٤:٠٦:٥٨.٥٧٧  INFO 8788 --- [main] o.s.b.w.embedded.tomcat.TomcatWebServer  : Tomcat initialized with port(s): 8080 (http)
٢٠٢٠-١٠-٢٨ ١٤:٠٦:٥٨.٦٧٠  INFO 8788 --- [main] o.apache.catalina.core.StandardService   : Starting service [Tomcat]
٢٠٢٠-١٠-٢٨ ١٤:٠٦:٥٨.٦٧١  INFO 8788 --- [main] org.apache.catalina.core.StandardEngine  : Starting Servlet engine: [Apache Tomcat/9.0.19]
٢٠٢٠-١٠-٢٨ ١٤:٠٦:٥٩.٤٢٧  INFO 8788 --- [main] o.a.c.c.C.[Tomcat].[localhost].[/]       : Initializing Spring embedded WebApplicationContext
٢٠٢٠-١٠-٢٨ ١٤:٠٦:٥٩.٤٢٨  INFO 8788 --- [main] o.s.web.context.ContextLoader            : Root WebApplicationContext: initialization completed in 8128 ms
٢٠٢٠-١٠-٢٨ ١٤:٠٧:٠٠.٨٣١  INFO 8788 --- [main] com.zaxxer.hikari.HikariDataSource       : HikariPool-1 - Starting...
٢٠٢٠-١٠-٢٨ ١٤:٠٧:٠١.٢٥١  INFO 8788 --- [main] com.zaxxer.hikari.HikariDataSource       : HikariPool-1 - Start completed.
٢٠٢٠-١٠-٢٨ ١٤:٠٧:٠٢.٢٨٩  INFO 8788 --- [main] o.hibernate.jpa.internal.util.LogHelper  : HHH000204: Processing PersistenceUnitInfo [
	name: default
	...]
٢٠٢٠-١٠-٢٨ ١٤:٠٧:٠٢.٥٢٥  INFO 8788 --- [main] org.hibernate.Version                    : HHH000412: Hibernate Core {5.3.10.Final}
٢٠٢٠-١٠-٢٨ ١٤:٠٧:٠٢.٥٢٧  INFO 8788 --- [main] org.hibernate.cfg.Environment            : HHH000206: hibernate.properties not found
٢٠٢٠-١٠-٢٨ ١٤:٠٧:٠٢.٩٧٢  INFO 8788 --- [main] o.hibernate.annotations.common.Version   : HCANN000001: Hibernate Commons Annotations {5.0.4.Final}
٢٠٢٠-١٠-٢٨ ١٤:٠٧:٠٣.٥٣٤  INFO 8788 --- [main] org.hibernate.dialect.Dialect            : HHH000400: Using dialect: org.hibernate.dialect.H2Dialect
٢٠٢٠-١٠-٢٨ ١٤:٠٧:٠٨.٠٦١  INFO 8788 --- [main] j.LocalContainerEntityManagerFactoryBean : Initialized JPA EntityManagerFactory for persistence unit 'default'
٢٠٢٠-١٠-٢٨ ١٤:٠٧:٠٩.٨٧٦  INFO 6968 --- [main] com.example.demo.SareetaApplication      : Starting SareetaApplication on Hani with PID 6968 (started by cris in C:\EclipseWorkspaces\csse120\P04-eCommerce Application\starter_code)
٢٠٢٠-١٠-٢٨ ١٤:٠٧:٠٩.٨٧٩  INFO 6968 --- [main] com.example.demo.SareetaApplication      : No active profile set, falling back to default profiles: default
٢٠٢٠-١٠-٢٨ ١٤:٠٧:١٢.٧١٢  INFO 8788 --- [main] o.s.s.web.DefaultSecurityFilterChain     : Creating filter chain: any request, [org.springframework.security.web.context.request.async.WebAsyncManagerIntegrationFilter@735167e1, org.springframework.security.web.context.SecurityContextPersistenceFilter@38a52072, org.springframework.security.web.header.HeaderWriterFilter@6108fd23, org.springframework.web.filter.CorsFilter@67689c81, org.springframework.security.web.authentication.logout.LogoutFilter@7b9fea11, com.example.demo.model.security.JWTAuthenticationFilter@21a0795f, com.example.demo.model.security.JWTAuthorizationVerficationFilter@2ec156fb, org.springframework.security.web.savedrequest.RequestCacheAwareFilter@5cf80dfb, org.springframework.security.web.servletapi.SecurityContextHolderAwareRequestFilter@5eba9e41, org.springframework.security.web.authentication.AnonymousAuthenticationFilter@56d742ad, org.springframework.security.web.session.SessionManagementFilter@3d3a28b5, org.springframework.security.web.access.ExceptionTranslationFilter@65259737, org.springframework.security.web.access.intercept.FilterSecurityInterceptor@320770d7]
٢٠٢٠-١٠-٢٨ ١٤:٠٧:١٣.٦٠٦  INFO 6968 --- [main] .s.d.r.c.RepositoryConfigurationDelegate : Bootstrapping Spring Data repositories in DEFAULT mode.
٢٠٢٠-١٠-٢٨ ١٤:٠٧:١٤.٣٤٥  INFO 6968 --- [main] .s.d.r.c.RepositoryConfigurationDelegate : Finished Spring Data repository scanning in 720ms. Found 4 repository interfaces.
٢٠٢٠-١٠-٢٨ ١٤:٠٧:١٥.٠١٠  INFO 8788 --- [main] o.s.s.concurrent.ThreadPoolTaskExecutor  : Initializing ExecutorService 'applicationTaskExecutor'
٢٠٢٠-١٠-٢٨ ١٤:٠٧:١٥.١١٩  WARN 8788 --- [main] aWebConfiguration$JpaWebMvcConfiguration : spring.jpa.open-in-view is enabled by default. Therefore, database queries may be performed during view rendering. Explicitly configure spring.jpa.open-in-view to disable this warning
٢٠٢٠-١٠-٢٨ ١٤:٠٧:١٧.٤٥٥  INFO 6968 --- [main] trationDelegate$BeanPostProcessorChecker : Bean 'org.springframework.transaction.annotation.ProxyTransactionManagementConfiguration' of type [org.springframework.transaction.annotation.ProxyTransactionManagementConfiguration$$EnhancerBySpringCGLIB$$e3967bee] is not eligible for getting processed by all BeanPostProcessors (for example: not eligible for auto-proxying)
٢٠٢٠-١٠-٢٨ ١٤:٠٧:١٧.٦٤٧  INFO 6968 --- [main] trationDelegate$BeanPostProcessorChecker : Bean 'org.springframework.security.config.annotation.configuration.ObjectPostProcessorConfiguration' of type [org.springframework.security.config.annotation.configuration.ObjectPostProcessorConfiguration$$EnhancerBySpringCGLIB$$7c444428] is not eligible for getting processed by all BeanPostProcessors (for example: not eligible for auto-proxying)
٢٠٢٠-١٠-٢٨ ١٤:٠٧:١٧.٧٠٣  INFO 6968 --- [main] trationDelegate$BeanPostProcessorChecker : Bean 'objectPostProcessor' of type [org.springframework.security.config.annotation.configuration.AutowireBeanFactoryObjectPostProcessor] is not eligible for getting processed by all BeanPostProcessors (for example: not eligible for auto-proxying)
٢٠٢٠-١٠-٢٨ ١٤:٠٧:١٧.٧٢٤  INFO 6968 --- [main] trationDelegate$BeanPostProcessorChecker : Bean 'org.springframework.security.access.expression.method.DefaultMethodSecurityExpressionHandler@32b9bd12' of type [org.springframework.security.access.expression.method.DefaultMethodSecurityExpressionHandler] is not eligible for getting processed by all BeanPostProcessors (for example: not eligible for auto-proxying)
٢٠٢٠-١٠-٢٨ ١٤:٠٧:١٧.٧٢٨  INFO 6968 --- [main] trationDelegate$BeanPostProcessorChecker : Bean 'org.springframework.security.config.annotation.method.configuration.GlobalMethodSecurityConfiguration' of type [org.springframework.security.config.annotation.method.configuration.GlobalMethodSecurityConfiguration$$EnhancerBySpringCGLIB$$a118e6da] is not eligible for getting processed by all BeanPostProcessors (for example: not eligible for auto-proxying)
٢٠٢٠-١٠-٢٨ ١٤:٠٧:١٧.٧٥٦  INFO 6968 --- [main] trationDelegate$BeanPostProcessorChecker : Bean 'methodSecurityMetadataSource' of type [org.springframework.security.access.method.DelegatingMethodSecurityMetadataSource] is not eligible for getting processed by all BeanPostProcessors (for example: not eligible for auto-proxying)
٢٠٢٠-١٠-٢٨ ١٤:٠٧:١٨.٣٠٧ ERROR 8788 --- [main] org.apache.catalina.util.LifecycleBase   : Failed to start component [Connector[HTTP/1.1-8080]]

org.apache.catalina.LifecycleException: Protocol handler start failed
	at org.apache.catalina.connector.Connector.startInternal(Connector.java:1008) ~[tomcat-embed-core-9.0.19.jar:9.0.19]
	at org.apache.catalina.util.LifecycleBase.start(LifecycleBase.java:183) ~[tomcat-embed-core-9.0.19.jar:9.0.19]
	at org.apache.catalina.core.StandardService.addConnector(StandardService.java:226) ~[tomcat-embed-core-9.0.19.jar:9.0.19]
	at org.springframework.boot.web.embedded.tomcat.TomcatWebServer.addPreviouslyRemovedConnectors(TomcatWebServer.java:259) ~[spring-boot-2.1.5.RELEASE.jar:2.1.5.RELEASE]
	at org.springframework.boot.web.embedded.tomcat.TomcatWebServer.start(TomcatWebServer.java:197) ~[spring-boot-2.1.5.RELEASE.jar:2.1.5.RELEASE]
	at org.springframework.boot.web.servlet.context.ServletWebServerApplicationContext.startWebServer(ServletWebServerApplicationContext.java:311) ~[spring-boot-2.1.5.RELEASE.jar:2.1.5.RELEASE]
	at org.springframework.boot.web.servlet.context.ServletWebServerApplicationContext.finishRefresh(ServletWebServerApplicationContext.java:164) ~[spring-boot-2.1.5.RELEASE.jar:2.1.5.RELEASE]
	at org.springframework.context.support.AbstractApplicationContext.refresh(AbstractApplicationContext.java:552) ~[spring-context-5.1.7.RELEASE.jar:5.1.7.RELEASE]
	at org.springframework.boot.web.servlet.context.ServletWebServerApplicationContext.refresh(ServletWebServerApplicationContext.java:142) ~[spring-boot-2.1.5.RELEASE.jar:2.1.5.RELEASE]
	at org.springframework.boot.SpringApplication.refresh(SpringApplication.java:775) ~[spring-boot-2.1.5.RELEASE.jar:2.1.5.RELEASE]
	at org.springframework.boot.SpringApplication.refreshContext(SpringApplication.java:397) ~[spring-boot-2.1.5.RELEASE.jar:2.1.5.RELEASE]
	at org.springframework.boot.SpringApplication.run(SpringApplication.java:316) ~[spring-boot-2.1.5.RELEASE.jar:2.1.5.RELEASE]
	at org.springframework.boot.SpringApplication.run(SpringApplication.java:1260) ~[spring-boot-2.1.5.RELEASE.jar:2.1.5.RELEASE]
	at org.springframework.boot.SpringApplication.run(SpringApplication.java:1248) ~[spring-boot-2.1.5.RELEASE.jar:2.1.5.RELEASE]
	at com.example.demo.SareetaApplication.main(SareetaApplication.java:27) ~[classes/:na]
Caused by: java.net.BindException: Address already in use: bind
	at java.base/sun.nio.ch.Net.bind0(Native Method) ~[na:na]
	at java.base/sun.nio.ch.Net.bind(Net.java:469) ~[na:na]
	at java.base/sun.nio.ch.Net.bind(Net.java:458) ~[na:na]
	at java.base/sun.nio.ch.ServerSocketChannelImpl.bind(ServerSocketChannelImpl.java:220) ~[na:na]
	at java.base/sun.nio.ch.ServerSocketAdaptor.bind(ServerSocketAdaptor.java:88) ~[na:na]
	at org.apache.tomcat.util.net.NioEndpoint.initServerSocket(NioEndpoint.java:239) ~[tomcat-embed-core-9.0.19.jar:9.0.19]
	at org.apache.tomcat.util.net.NioEndpoint.bind(NioEndpoint.java:213) ~[tomcat-embed-core-9.0.19.jar:9.0.19]
	at org.apache.tomcat.util.net.AbstractEndpoint.bindWithCleanup(AbstractEndpoint.java:1116) ~[tomcat-embed-core-9.0.19.jar:9.0.19]
	at org.apache.tomcat.util.net.AbstractEndpoint.start(AbstractEndpoint.java:1202) ~[tomcat-embed-core-9.0.19.jar:9.0.19]
	at org.apache.coyote.AbstractProtocol.start(AbstractProtocol.java:568) ~[tomcat-embed-core-9.0.19.jar:9.0.19]
	at org.apache.catalina.connector.Connector.startInternal(Connector.java:1005) ~[tomcat-embed-core-9.0.19.jar:9.0.19]
	... 14 common frames omitted

٢٠٢٠-١٠-٢٨ ١٤:٠٧:١٨.٣٢٤  INFO 8788 --- [main] o.apache.catalina.core.StandardService   : Stopping service [Tomcat]
٢٠٢٠-١٠-٢٨ ١٤:٠٧:١٨.٤٠٧  INFO 8788 --- [main] ConditionEvaluationReportLoggingListener : 

Error starting ApplicationContext. To display the conditions report re-run your application with 'debug' enabled.
٢٠٢٠-١٠-٢٨ ١٤:٠٧:١٨.٤١١ ERROR 8788 --- [main] o.s.b.d.LoggingFailureAnalysisReporter   : 

***************************
APPLICATION FAILED TO START
***************************

Description:

The Tomcat connector configured to listen on port 8080 failed to start. The port may already be in use or the connector may be misconfigured.

Action:

Verify the connector's configuration, identify and stop any process that's listening on port 8080, or configure this application to listen on another port.

٢٠٢٠-١٠-٢٨ ١٤:٠٧:١٨.٤١٧  INFO 8788 --- [main] o.s.s.concurrent.ThreadPoolTaskExecutor  : Shutting down ExecutorService 'applicationTaskExecutor'
٢٠٢٠-١٠-٢٨ ١٤:٠٧:١٨.٤٤١  INFO 8788 --- [main] j.LocalContainerEntityManagerFactoryBean : Closing JPA EntityManagerFactory for persistence unit 'default'
٢٠٢٠-١٠-٢٨ ١٤:٠٧:١٨.٤٤٦  INFO 8788 --- [main] com.zaxxer.hikari.HikariDataSource       : HikariPool-1 - Shutdown initiated...
٢٠٢٠-١٠-٢٨ ١٤:٠٧:١٨.٥٢٩  INFO 8788 --- [main] com.zaxxer.hikari.HikariDataSource       : HikariPool-1 - Shutdown completed.
٢٠٢٠-١٠-٢٨ ١٤:٠٧:١٩.٥٩٤  INFO 6968 --- [main] o.s.b.w.embedded.tomcat.TomcatWebServer  : Tomcat initialized with port(s): 8080 (http)
٢٠٢٠-١٠-٢٨ ١٤:٠٧:١٩.٨٥٩  INFO 6968 --- [main] o.apache.catalina.core.StandardService   : Starting service [Tomcat]
٢٠٢٠-١٠-٢٨ ١٤:٠٧:١٩.٨٦٠  INFO 6968 --- [main] org.apache.catalina.core.StandardEngine  : Starting Servlet engine: [Apache Tomcat/9.0.19]
٢٠٢٠-١٠-٢٨ ١٤:٠٧:٢٠.٢١٦  INFO 6968 --- [main] o.a.c.c.C.[Tomcat].[localhost].[/]       : Initializing Spring embedded WebApplicationContext
٢٠٢٠-١٠-٢٨ ١٤:٠٧:٢٠.٢١٧  INFO 6968 --- [main] o.s.web.context.ContextLoader            : Root WebApplicationContext: initialization completed in 10087 ms
٢٠٢٠-١٠-٢٨ ١٤:٠٧:٢١.٧٢٥  INFO 6968 --- [main] com.zaxxer.hikari.HikariDataSource       : HikariPool-1 - Starting...
٢٠٢٠-١٠-٢٨ ١٤:٠٧:٢٢.٣٢٣  INFO 6968 --- [main] com.zaxxer.hikari.HikariDataSource       : HikariPool-1 - Start completed.
٢٠٢٠-١٠-٢٨ ١٤:٠٧:٢٣.٢٩٤  INFO 6968 --- [main] o.hibernate.jpa.internal.util.LogHelper  : HHH000204: Processing PersistenceUnitInfo [
	name: default
	...]
٢٠٢٠-١٠-٢٨ ١٤:٠٧:٢٣.٤٥٣  INFO 6968 --- [main] org.hibernate.Version                    : HHH000412: Hibernate Core {5.3.10.Final}
٢٠٢٠-١٠-٢٨ ١٤:٠٧:٢٣.٤٥٧  INFO 6968 --- [main] org.hibernate.cfg.Environment            : HHH000206: hibernate.properties not found
٢٠٢٠-١٠-٢٨ ١٤:٠٧:٢٤.٠٨٧  INFO 6968 --- [main] o.hibernate.annotations.common.Version   : HCANN000001: Hibernate Commons Annotations {5.0.4.Final}
٢٠٢٠-١٠-٢٨ ١٤:٠٧:٢٤.٦٦٢  INFO 6968 --- [main] org.hibernate.dialect.Dialect            : HHH000400: Using dialect: org.hibernate.dialect.H2Dialect
٢٠٢٠-١٠-٢٨ ١٤:٠٧:٢٧.٣٨٨  INFO 6968 --- [main] j.LocalContainerEntityManagerFactoryBean : Initialized JPA EntityManagerFactory for persistence unit 'default'
٢٠٢٠-١٠-٢٨ ١٤:٠٧:٢٩.٨٣٩  INFO 6968 --- [main] o.s.s.web.DefaultSecurityFilterChain     : Creating filter chain: any request, [org.springframework.security.web.context.request.async.WebAsyncManagerIntegrationFilter@3a45308f, org.springframework.security.web.context.SecurityContextPersistenceFilter@4c614d8c, org.springframework.security.web.header.HeaderWriterFilter@40edc64e, org.springframework.web.filter.CorsFilter@70e54ec3, org.springframework.security.web.authentication.logout.LogoutFilter@43ca96a0, com.example.demo.model.security.JWTAuthenticationFilter@3cc817bd, com.example.demo.model.security.JWTAuthorizationVerficationFilter@64b8eb96, org.springframework.security.web.savedrequest.RequestCacheAwareFilter@3980b44f, org.springframework.security.web.servletapi.SecurityContextHolderAwareRequestFilter@15ce261, org.springframework.security.web.authentication.AnonymousAuthenticationFilter@776a7ec6, org.springframework.security.web.session.SessionManagementFilter@372f7bc, org.springframework.security.web.access.ExceptionTranslationFilter@691eb389, org.springframework.security.web.access.intercept.FilterSecurityInterceptor@20f6b6e0]
٢٠٢٠-١٠-٢٨ ١٤:٠٧:٣٠.٥٧٦  INFO 6968 --- [main] o.s.s.concurrent.ThreadPoolTaskExecutor  : Initializing ExecutorService 'applicationTaskExecutor'
٢٠٢٠-١٠-٢٨ ١٤:٠٧:٣٠.٦٦٨  WARN 6968 --- [main] aWebConfiguration$JpaWebMvcConfiguration : spring.jpa.open-in-view is enabled by default. Therefore, database queries may be performed during view rendering. Explicitly configure spring.jpa.open-in-view to disable this warning
٢٠٢٠-١٠-٢٨ ١٤:٠٧:٣١.٧٤٤ ERROR 6968 --- [main] org.apache.catalina.util.LifecycleBase   : Failed to start component [Connector[HTTP/1.1-8080]]

org.apache.catalina.LifecycleException: Protocol handler start failed
	at org.apache.catalina.connector.Connector.startInternal(Connector.java:1008) ~[tomcat-embed-core-9.0.19.jar:9.0.19]
	at org.apache.catalina.util.LifecycleBase.start(LifecycleBase.java:183) ~[tomcat-embed-core-9.0.19.jar:9.0.19]
	at org.apache.catalina.core.StandardService.addConnector(StandardService.java:226) ~[tomcat-embed-core-9.0.19.jar:9.0.19]
	at org.springframework.boot.web.embedded.tomcat.TomcatWebServer.addPreviouslyRemovedConnectors(TomcatWebServer.java:259) ~[spring-boot-2.1.5.RELEASE.jar:2.1.5.RELEASE]
	at org.springframework.boot.web.embedded.tomcat.TomcatWebServer.start(TomcatWebServer.java:197) ~[spring-boot-2.1.5.RELEASE.jar:2.1.5.RELEASE]
	at org.springframework.boot.web.servlet.context.ServletWebServerApplicationContext.startWebServer(ServletWebServerApplicationContext.java:311) ~[spring-boot-2.1.5.RELEASE.jar:2.1.5.RELEASE]
	at org.springframework.boot.web.servlet.context.ServletWebServerApplicationContext.finishRefresh(ServletWebServerApplicationContext.java:164) ~[spring-boot-2.1.5.RELEASE.jar:2.1.5.RELEASE]
	at org.springframework.context.support.AbstractApplicationContext.refresh(AbstractApplicationContext.java:552) ~[spring-context-5.1.7.RELEASE.jar:5.1.7.RELEASE]
	at org.springframework.boot.web.servlet.context.ServletWebServerApplicationContext.refresh(ServletWebServerApplicationContext.java:142) ~[spring-boot-2.1.5.RELEASE.jar:2.1.5.RELEASE]
	at org.springframework.boot.SpringApplication.refresh(SpringApplication.java:775) ~[spring-boot-2.1.5.RELEASE.jar:2.1.5.RELEASE]
	at org.springframework.boot.SpringApplication.refreshContext(SpringApplication.java:397) ~[spring-boot-2.1.5.RELEASE.jar:2.1.5.RELEASE]
	at org.springframework.boot.SpringApplication.run(SpringApplication.java:316) ~[spring-boot-2.1.5.RELEASE.jar:2.1.5.RELEASE]
	at org.springframework.boot.SpringApplication.run(SpringApplication.java:1260) ~[spring-boot-2.1.5.RELEASE.jar:2.1.5.RELEASE]
	at org.springframework.boot.SpringApplication.run(SpringApplication.java:1248) ~[spring-boot-2.1.5.RELEASE.jar:2.1.5.RELEASE]
	at com.example.demo.SareetaApplication.main(SareetaApplication.java:27) ~[classes/:na]
Caused by: java.net.BindException: Address already in use: bind
	at java.base/sun.nio.ch.Net.bind0(Native Method) ~[na:na]
	at java.base/sun.nio.ch.Net.bind(Net.java:469) ~[na:na]
	at java.base/sun.nio.ch.Net.bind(Net.java:458) ~[na:na]
	at java.base/sun.nio.ch.ServerSocketChannelImpl.bind(ServerSocketChannelImpl.java:220) ~[na:na]
	at java.base/sun.nio.ch.ServerSocketAdaptor.bind(ServerSocketAdaptor.java:88) ~[na:na]
	at org.apache.tomcat.util.net.NioEndpoint.initServerSocket(NioEndpoint.java:239) ~[tomcat-embed-core-9.0.19.jar:9.0.19]
	at org.apache.tomcat.util.net.NioEndpoint.bind(NioEndpoint.java:213) ~[tomcat-embed-core-9.0.19.jar:9.0.19]
	at org.apache.tomcat.util.net.AbstractEndpoint.bindWithCleanup(AbstractEndpoint.java:1116) ~[tomcat-embed-core-9.0.19.jar:9.0.19]
	at org.apache.tomcat.util.net.AbstractEndpoint.start(AbstractEndpoint.java:1202) ~[tomcat-embed-core-9.0.19.jar:9.0.19]
	at org.apache.coyote.AbstractProtocol.start(AbstractProtocol.java:568) ~[tomcat-embed-core-9.0.19.jar:9.0.19]
	at org.apache.catalina.connector.Connector.startInternal(Connector.java:1005) ~[tomcat-embed-core-9.0.19.jar:9.0.19]
	... 14 common frames omitted

٢٠٢٠-١٠-٢٨ ١٤:٠٧:٣١.٧٦٧  INFO 6968 --- [main] o.apache.catalina.core.StandardService   : Stopping service [Tomcat]
٢٠٢٠-١٠-٢٨ ١٤:٠٧:٣١.٧٨٧  INFO 6968 --- [main] ConditionEvaluationReportLoggingListener : 

Error starting ApplicationContext. To display the conditions report re-run your application with 'debug' enabled.
٢٠٢٠-١٠-٢٨ ١٤:٠٧:٣١.٧٩٠ ERROR 6968 --- [main] o.s.b.d.LoggingFailureAnalysisReporter   : 

***************************
APPLICATION FAILED TO START
***************************

Description:

The Tomcat connector configured to listen on port 8080 failed to start. The port may already be in use or the connector may be misconfigured.

Action:

Verify the connector's configuration, identify and stop any process that's listening on port 8080, or configure this application to listen on another port.

٢٠٢٠-١٠-٢٨ ١٤:٠٧:٣١.٧٩٥  INFO 6968 --- [main] o.s.s.concurrent.ThreadPoolTaskExecutor  : Shutting down ExecutorService 'applicationTaskExecutor'
٢٠٢٠-١٠-٢٨ ١٤:٠٧:٣١.٧٩٧  INFO 6968 --- [main] j.LocalContainerEntityManagerFactoryBean : Closing JPA EntityManagerFactory for persistence unit 'default'
٢٠٢٠-١٠-٢٨ ١٤:٠٧:٣١.٨٠٠  INFO 6968 --- [main] com.zaxxer.hikari.HikariDataSource       : HikariPool-1 - Shutdown initiated...
٢٠٢٠-١٠-٢٨ ١٤:٠٧:٣١.٨٠٩  INFO 6968 --- [main] com.zaxxer.hikari.HikariDataSource       : HikariPool-1 - Shutdown completed.
٢٠٢٠-١٠-٢٨ ١٤:١٠:٠٤.٤٥٧  INFO 10428 --- [main] com.example.demo.SareetaApplication      : Starting SareetaApplication on Hani with PID 10428 (started by cris in C:\EclipseWorkspaces\csse120\P04-eCommerce Application\starter_code)
٢٠٢٠-١٠-٢٨ ١٤:١٠:٠٤.٤٦٥  INFO 10428 --- [main] com.example.demo.SareetaApplication      : No active profile set, falling back to default profiles: default
٢٠٢٠-١٠-٢٨ ١٤:١٠:٠٥.٦٦٩  INFO 10428 --- [main] .s.d.r.c.RepositoryConfigurationDelegate : Bootstrapping Spring Data repositories in DEFAULT mode.
٢٠٢٠-١٠-٢٨ ١٤:١٠:٠٥.٧٨٧  INFO 10428 --- [main] .s.d.r.c.RepositoryConfigurationDelegate : Finished Spring Data repository scanning in 106ms. Found 4 repository interfaces.
٢٠٢٠-١٠-٢٨ ١٤:١٠:٠٦.٦٣٨  INFO 10428 --- [main] trationDelegate$BeanPostProcessorChecker : Bean 'org.springframework.transaction.annotation.ProxyTransactionManagementConfiguration' of type [org.springframework.transaction.annotation.ProxyTransactionManagementConfiguration$$EnhancerBySpringCGLIB$$24ff727c] is not eligible for getting processed by all BeanPostProcessors (for example: not eligible for auto-proxying)
٢٠٢٠-١٠-٢٨ ١٤:١٠:٠٦.٦٩٢  INFO 10428 --- [main] trationDelegate$BeanPostProcessorChecker : Bean 'org.springframework.security.config.annotation.configuration.ObjectPostProcessorConfiguration' of type [org.springframework.security.config.annotation.configuration.ObjectPostProcessorConfiguration$$EnhancerBySpringCGLIB$$bdad3ab6] is not eligible for getting processed by all BeanPostProcessors (for example: not eligible for auto-proxying)
٢٠٢٠-١٠-٢٨ ١٤:١٠:٠٦.٧٠٢  INFO 10428 --- [main] trationDelegate$BeanPostProcessorChecker : Bean 'objectPostProcessor' of type [org.springframework.security.config.annotation.configuration.AutowireBeanFactoryObjectPostProcessor] is not eligible for getting processed by all BeanPostProcessors (for example: not eligible for auto-proxying)
٢٠٢٠-١٠-٢٨ ١٤:١٠:٠٦.٧٠٥  INFO 10428 --- [main] trationDelegate$BeanPostProcessorChecker : Bean 'org.springframework.security.access.expression.method.DefaultMethodSecurityExpressionHandler@5a8ba37c' of type [org.springframework.security.access.expression.method.DefaultMethodSecurityExpressionHandler] is not eligible for getting processed by all BeanPostProcessors (for example: not eligible for auto-proxying)
٢٠٢٠-١٠-٢٨ ١٤:١٠:٠٦.٧٠٧  INFO 10428 --- [main] trationDelegate$BeanPostProcessorChecker : Bean 'org.springframework.security.config.annotation.method.configuration.GlobalMethodSecurityConfiguration' of type [org.springframework.security.config.annotation.method.configuration.GlobalMethodSecurityConfiguration$$EnhancerBySpringCGLIB$$e281dd68] is not eligible for getting processed by all BeanPostProcessors (for example: not eligible for auto-proxying)
٢٠٢٠-١٠-٢٨ ١٤:١٠:٠٦.٧١٦  INFO 10428 --- [main] trationDelegate$BeanPostProcessorChecker : Bean 'methodSecurityMetadataSource' of type [org.springframework.security.access.method.DelegatingMethodSecurityMetadataSource] is not eligible for getting processed by all BeanPostProcessors (for example: not eligible for auto-proxying)
٢٠٢٠-١٠-٢٨ ١٤:١٠:٠٧.٢٨٨  INFO 10428 --- [main] o.s.b.w.embedded.tomcat.TomcatWebServer  : Tomcat initialized with port(s): 8080 (http)
٢٠٢٠-١٠-٢٨ ١٤:١٠:٠٧.٣٣٨  INFO 10428 --- [main] o.apache.catalina.core.StandardService   : Starting service [Tomcat]
٢٠٢٠-١٠-٢٨ ١٤:١٠:٠٧.٣٣٩  INFO 10428 --- [main] org.apache.catalina.core.StandardEngine  : Starting Servlet engine: [Apache Tomcat/9.0.19]
٢٠٢٠-١٠-٢٨ ١٤:١٠:٠٧.٥٧٦  INFO 10428 --- [main] o.a.c.c.C.[Tomcat].[localhost].[/]       : Initializing Spring embedded WebApplicationContext
٢٠٢٠-١٠-٢٨ ١٤:١٠:٠٧.٥٧٧  INFO 10428 --- [main] o.s.web.context.ContextLoader            : Root WebApplicationContext: initialization completed in 2989 ms
٢٠٢٠-١٠-٢٨ ١٤:١٠:٠٧.٨٤٢  INFO 10428 --- [main] com.zaxxer.hikari.HikariDataSource       : HikariPool-1 - Starting...
٢٠٢٠-١٠-٢٨ ١٤:١٠:٠٨.٠٩٤  INFO 10428 --- [main] com.zaxxer.hikari.HikariDataSource       : HikariPool-1 - Start completed.
٢٠٢٠-١٠-٢٨ ١٤:١٠:٠٨.١٨٧  INFO 10428 --- [main] o.hibernate.jpa.internal.util.LogHelper  : HHH000204: Processing PersistenceUnitInfo [
	name: default
	...]
٢٠٢٠-١٠-٢٨ ١٤:١٠:٠٨.٢٨٥  INFO 10428 --- [main] org.hibernate.Version                    : HHH000412: Hibernate Core {5.3.10.Final}
٢٠٢٠-١٠-٢٨ ١٤:١٠:٠٨.٢٨٨  INFO 10428 --- [main] org.hibernate.cfg.Environment            : HHH000206: hibernate.properties not found
٢٠٢٠-١٠-٢٨ ١٤:١٠:٠٨.٥٠٥  INFO 10428 --- [main] o.hibernate.annotations.common.Version   : HCANN000001: Hibernate Commons Annotations {5.0.4.Final}
٢٠٢٠-١٠-٢٨ ١٤:١٠:٠٨.٧٤٢  INFO 10428 --- [main] org.hibernate.dialect.Dialect            : HHH000400: Using dialect: org.hibernate.dialect.H2Dialect
٢٠٢٠-١٠-٢٨ ١٤:١٠:٠٩.٨٤٦  INFO 10428 --- [main] j.LocalContainerEntityManagerFactoryBean : Initialized JPA EntityManagerFactory for persistence unit 'default'
٢٠٢٠-١٠-٢٨ ١٤:١٠:١٠.٧٩٣  INFO 10428 --- [main] o.s.s.web.DefaultSecurityFilterChain     : Creating filter chain: any request, [org.springframework.security.web.context.request.async.WebAsyncManagerIntegrationFilter@44e4cf8a, org.springframework.security.web.context.SecurityContextPersistenceFilter@723b8eff, org.springframework.security.web.header.HeaderWriterFilter@15ce261, org.springframework.web.filter.CorsFilter@50930bff, org.springframework.security.web.authentication.logout.LogoutFilter@1e54e900, com.example.demo.model.security.JWTAuthenticationFilter@296bfddb, com.example.demo.model.security.JWTAuthorizationVerficationFilter@508b4f70, org.springframework.security.web.savedrequest.RequestCacheAwareFilter@20d65767, org.springframework.security.web.servletapi.SecurityContextHolderAwareRequestFilter@48b9773b, org.springframework.security.web.authentication.AnonymousAuthenticationFilter@32f14274, org.springframework.security.web.session.SessionManagementFilter@39840986, org.springframework.security.web.access.ExceptionTranslationFilter@4a14f7d7, org.springframework.security.web.access.intercept.FilterSecurityInterceptor@726d8fa0]
٢٠٢٠-١٠-٢٨ ١٤:١٠:١١.٠٩٢  INFO 10428 --- [main] o.s.s.concurrent.ThreadPoolTaskExecutor  : Initializing ExecutorService 'applicationTaskExecutor'
٢٠٢٠-١٠-٢٨ ١٤:١٠:١١.١٥٤  WARN 10428 --- [main] aWebConfiguration$JpaWebMvcConfiguration : spring.jpa.open-in-view is enabled by default. Therefore, database queries may be performed during view rendering. Explicitly configure spring.jpa.open-in-view to disable this warning
٢٠٢٠-١٠-٢٨ ١٤:١٠:١١.٦٢٣  INFO 10428 --- [main] o.s.b.w.embedded.tomcat.TomcatWebServer  : Tomcat started on port(s): 8080 (http) with context path ''
٢٠٢٠-١٠-٢٨ ١٤:١٠:١١.٦٢٨  INFO 10428 --- [main] com.example.demo.SareetaApplication      : Started SareetaApplication in 7.792 seconds (JVM running for 8.513)
٢٠٢٠-١٠-٢٨ ١٤:١٠:٣٠.٥٦٠  INFO 10428 --- [http-nio-8080-exec-1] o.a.c.c.C.[Tomcat].[localhost].[/]       : Initializing Spring DispatcherServlet 'dispatcherServlet'
٢٠٢٠-١٠-٢٨ ١٤:١٠:٣٠.٥٦١  INFO 10428 --- [http-nio-8080-exec-1] o.s.web.servlet.DispatcherServlet        : Initializing Servlet 'dispatcherServlet'
٢٠٢٠-١٠-٢٨ ١٤:١٠:٣٠.٥٧٩  INFO 10428 --- [http-nio-8080-exec-1] o.s.web.servlet.DispatcherServlet        : Completed initialization in 18 ms
٢٠٢٠-١٠-٢٨ ١٤:١٠:٣١.٠٣٨  INFO 10428 --- [http-nio-8080-exec-1] c.e.demo.controllers.UserController      : The User : BlueFish  Created successes
٢٠٢٠-١٠-٢٨ ١٤:١٠:٣٦.٠٣٠  INFO 10428 --- [http-nio-8080-exec-2] o.h.h.i.QueryTranslatorFactoryInitiator  : HHH000397: Using ASTQueryTranslatorFactory
٢٠٢٠-١٠-٢٨ ١٤:١٠:٤٣.٥١٦  INFO 10428 --- [http-nio-8080-exec-3] c.e.demo.controllers.UserController      : the User :BlueFish add item :Square Widget to the cart successes
٢٠٢٠-١٠-٢٨ ١٤:١٤:٤٦.٨٣٤  INFO 7720 --- [main] com.example.demo.SareetaApplication      : Starting SareetaApplication on Hani with PID 7720 (started by cris in C:\EclipseWorkspaces\csse120\P04-eCommerce Application\starter_code)
٢٠٢٠-١٠-٢٨ ١٤:١٤:٤٦.٨٣٧  INFO 7720 --- [main] com.example.demo.SareetaApplication      : No active profile set, falling back to default profiles: default
٢٠٢٠-١٠-٢٨ ١٤:١٤:٤٨.١٧٨  INFO 7720 --- [main] .s.d.r.c.RepositoryConfigurationDelegate : Bootstrapping Spring Data repositories in DEFAULT mode.
٢٠٢٠-١٠-٢٨ ١٤:١٤:٤٨.٢٨٥  INFO 7720 --- [main] .s.d.r.c.RepositoryConfigurationDelegate : Finished Spring Data repository scanning in 94ms. Found 4 repository interfaces.
٢٠٢٠-١٠-٢٨ ١٤:١٤:٤٩.١٥٠  INFO 7720 --- [main] trationDelegate$BeanPostProcessorChecker : Bean 'org.springframework.transaction.annotation.ProxyTransactionManagementConfiguration' of type [org.springframework.transaction.annotation.ProxyTransactionManagementConfiguration$$EnhancerBySpringCGLIB$$93533f0d] is not eligible for getting processed by all BeanPostProcessors (for example: not eligible for auto-proxying)
٢٠٢٠-١٠-٢٨ ١٤:١٤:٤٩.٢٢١  INFO 7720 --- [main] trationDelegate$BeanPostProcessorChecker : Bean 'org.springframework.security.config.annotation.configuration.ObjectPostProcessorConfiguration' of type [org.springframework.security.config.annotation.configuration.ObjectPostProcessorConfiguration$$EnhancerBySpringCGLIB$$2c010747] is not eligible for getting processed by all BeanPostProcessors (for example: not eligible for auto-proxying)
٢٠٢٠-١٠-٢٨ ١٤:١٤:٤٩.٢٣٣  INFO 7720 --- [main] trationDelegate$BeanPostProcessorChecker : Bean 'objectPostProcessor' of type [org.springframework.security.config.annotation.configuration.AutowireBeanFactoryObjectPostProcessor] is not eligible for getting processed by all BeanPostProcessors (for example: not eligible for auto-proxying)
٢٠٢٠-١٠-٢٨ ١٤:١٤:٤٩.٢٤٨  INFO 7720 --- [main] trationDelegate$BeanPostProcessorChecker : Bean 'org.springframework.security.access.expression.method.DefaultMethodSecurityExpressionHandler@5fad41be' of type [org.springframework.security.access.expression.method.DefaultMethodSecurityExpressionHandler] is not eligible for getting processed by all BeanPostProcessors (for example: not eligible for auto-proxying)
٢٠٢٠-١٠-٢٨ ١٤:١٤:٤٩.٢٥٨  INFO 7720 --- [main] trationDelegate$BeanPostProcessorChecker : Bean 'org.springframework.security.config.annotation.method.configuration.GlobalMethodSecurityConfiguration' of type [org.springframework.security.config.annotation.method.configuration.GlobalMethodSecurityConfiguration$$EnhancerBySpringCGLIB$$50d5a9f9] is not eligible for getting processed by all BeanPostProcessors (for example: not eligible for auto-proxying)
٢٠٢٠-١٠-٢٨ ١٤:١٤:٤٩.٢٦٦  INFO 7720 --- [main] trationDelegate$BeanPostProcessorChecker : Bean 'methodSecurityMetadataSource' of type [org.springframework.security.access.method.DelegatingMethodSecurityMetadataSource] is not eligible for getting processed by all BeanPostProcessors (for example: not eligible for auto-proxying)
٢٠٢٠-١٠-٢٨ ١٤:١٤:٥٠.٠٤٥  INFO 7720 --- [main] o.s.b.w.embedded.tomcat.TomcatWebServer  : Tomcat initialized with port(s): 8080 (http)
٢٠٢٠-١٠-٢٨ ١٤:١٤:٥٠.١٤٢  INFO 7720 --- [main] o.apache.catalina.core.StandardService   : Starting service [Tomcat]
٢٠٢٠-١٠-٢٨ ١٤:١٤:٥٠.١٤٣  INFO 7720 --- [main] org.apache.catalina.core.StandardEngine  : Starting Servlet engine: [Apache Tomcat/9.0.19]
٢٠٢٠-١٠-٢٨ ١٤:١٤:٥٠.٩٩٥  INFO 7720 --- [main] o.a.c.c.C.[Tomcat].[localhost].[/]       : Initializing Spring embedded WebApplicationContext
٢٠٢٠-١٠-٢٨ ١٤:١٤:٥٠.٩٩٦  INFO 7720 --- [main] o.s.web.context.ContextLoader            : Root WebApplicationContext: initialization completed in 3969 ms
٢٠٢٠-١٠-٢٨ ١٤:١٤:٥٢.١٦٤  INFO 7720 --- [main] com.zaxxer.hikari.HikariDataSource       : HikariPool-1 - Starting...
٢٠٢٠-١٠-٢٨ ١٤:١٤:٥٢.٥٠٧  INFO 7720 --- [main] com.zaxxer.hikari.HikariDataSource       : HikariPool-1 - Start completed.
٢٠٢٠-١٠-٢٨ ١٤:١٤:٥٢.٧١٤  INFO 7720 --- [main] o.hibernate.jpa.internal.util.LogHelper  : HHH000204: Processing PersistenceUnitInfo [
	name: default
	...]
٢٠٢٠-١٠-٢٨ ١٤:١٤:٥٢.٨٢١  INFO 7720 --- [main] org.hibernate.Version                    : HHH000412: Hibernate Core {5.3.10.Final}
٢٠٢٠-١٠-٢٨ ١٤:١٤:٥٢.٨٢٥  INFO 7720 --- [main] org.hibernate.cfg.Environment            : HHH000206: hibernate.properties not found
٢٠٢٠-١٠-٢٨ ١٤:١٤:٥٣.٠٩٤  INFO 7720 --- [main] o.hibernate.annotations.common.Version   : HCANN000001: Hibernate Commons Annotations {5.0.4.Final}
٢٠٢٠-١٠-٢٨ ١٤:١٤:٥٣.٣٦٦  INFO 7720 --- [main] org.hibernate.dialect.Dialect            : HHH000400: Using dialect: org.hibernate.dialect.H2Dialect
٢٠٢٠-١٠-٢٨ ١٤:١٤:٥٤.٦٤٧  INFO 7720 --- [main] j.LocalContainerEntityManagerFactoryBean : Initialized JPA EntityManagerFactory for persistence unit 'default'
٢٠٢٠-١٠-٢٨ ١٤:١٤:٥٥.٧٩١  INFO 7720 --- [main] o.s.s.web.DefaultSecurityFilterChain     : Creating filter chain: any request, [org.springframework.security.web.context.request.async.WebAsyncManagerIntegrationFilter@7aca299e, org.springframework.security.web.context.SecurityContextPersistenceFilter@5eba9e41, org.springframework.security.web.header.HeaderWriterFilter@3130ca39, org.springframework.web.filter.CorsFilter@1bf52f10, org.springframework.security.web.authentication.logout.LogoutFilter@12eaa2cd, com.example.demo.model.security.JWTAuthenticationFilter@6148827c, com.example.demo.model.security.JWTAuthorizationVerficationFilter@4da9da6c, org.springframework.security.web.savedrequest.RequestCacheAwareFilter@564d3940, org.springframework.security.web.servletapi.SecurityContextHolderAwareRequestFilter@1c5fd813, org.springframework.security.web.authentication.AnonymousAuthenticationFilter@66048c9e, org.springframework.security.web.session.SessionManagementFilter@184bb873, org.springframework.security.web.access.ExceptionTranslationFilter@4219a4cc, org.springframework.security.web.access.intercept.FilterSecurityInterceptor@2ec156fb]
٢٠٢٠-١٠-٢٨ ١٤:١٤:٥٦.١٣٠  INFO 7720 --- [main] o.s.s.concurrent.ThreadPoolTaskExecutor  : Initializing ExecutorService 'applicationTaskExecutor'
٢٠٢٠-١٠-٢٨ ١٤:١٤:٥٦.٢٠٣  WARN 7720 --- [main] aWebConfiguration$JpaWebMvcConfiguration : spring.jpa.open-in-view is enabled by default. Therefore, database queries may be performed during view rendering. Explicitly configure spring.jpa.open-in-view to disable this warning
٢٠٢٠-١٠-٢٨ ١٤:١٤:٥٦.٨٩٣  INFO 7720 --- [main] o.s.b.w.embedded.tomcat.TomcatWebServer  : Tomcat started on port(s): 8080 (http) with context path ''
٢٠٢٠-١٠-٢٨ ١٤:١٤:٥٦.٩٠٧  INFO 7720 --- [main] com.example.demo.SareetaApplication      : Started SareetaApplication in 10.65 seconds (JVM running for 11.457)
٢٠٢٠-١٠-٢٨ ١٤:١٧:٠٨.٦٥٤  INFO 7720 --- [http-nio-8080-exec-1] o.a.c.c.C.[Tomcat].[localhost].[/]       : Initializing Spring DispatcherServlet 'dispatcherServlet'
٢٠٢٠-١٠-٢٨ ١٤:١٧:٠٨.٦٥٥  INFO 7720 --- [http-nio-8080-exec-1] o.s.web.servlet.DispatcherServlet        : Initializing Servlet 'dispatcherServlet'
٢٠٢٠-١٠-٢٨ ١٤:١٧:٠٨.٦٧٢  INFO 7720 --- [http-nio-8080-exec-1] o.s.web.servlet.DispatcherServlet        : Completed initialization in 17 ms
٢٠٢٠-١٠-٢٨ ١٤:١٧:٠٩.٠٧١  INFO 7720 --- [http-nio-8080-exec-1] c.e.demo.controllers.UserController      : The User : BlueFish  Created successes
٢٠٢٠-١٠-٢٨ ١٤:١٧:١٩.٠٨٠  INFO 7720 --- [http-nio-8080-exec-2] o.h.h.i.QueryTranslatorFactoryInitiator  : HHH000397: Using ASTQueryTranslatorFactory
٢٠٢٠-١٠-٢٨ ١٤:١٧:٢٣.٣٠٨  INFO 7720 --- [http-nio-8080-exec-3] c.e.demo.controllers.UserController      : the User :BlueFish add item :Square Widget to the cart successes
٢٠٢٠-١٠-٢٨ ١٤:٣٢:٠١.٦٤٥  INFO 3916 --- [main] com.example.demo.SareetaApplication      : Starting SareetaApplication on Hani with PID 3916 (started by cris in C:\EclipseWorkspaces\csse120\P04-eCommerce Application\starter_code)
٢٠٢٠-١٠-٢٨ ١٤:٣٢:٠١.٦٤٧  INFO 3916 --- [main] com.example.demo.SareetaApplication      : No active profile set, falling back to default profiles: default
٢٠٢٠-١٠-٢٨ ١٤:٣٢:٠٣.٠٣٧  INFO 3916 --- [main] .s.d.r.c.RepositoryConfigurationDelegate : Bootstrapping Spring Data repositories in DEFAULT mode.
٢٠٢٠-١٠-٢٨ ١٤:٣٢:٠٣.١٥٧  INFO 3916 --- [main] .s.d.r.c.RepositoryConfigurationDelegate : Finished Spring Data repository scanning in 102ms. Found 4 repository interfaces.
٢٠٢٠-١٠-٢٨ ١٤:٣٢:٠٤.١٧١  INFO 3916 --- [main] trationDelegate$BeanPostProcessorChecker : Bean 'org.springframework.transaction.annotation.ProxyTransactionManagementConfiguration' of type [org.springframework.transaction.annotation.ProxyTransactionManagementConfiguration$$EnhancerBySpringCGLIB$$767911a3] is not eligible for getting processed by all BeanPostProcessors (for example: not eligible for auto-proxying)
٢٠٢٠-١٠-٢٨ ١٤:٣٢:٠٤.٢٥١  INFO 3916 --- [main] trationDelegate$BeanPostProcessorChecker : Bean 'org.springframework.security.config.annotation.configuration.ObjectPostProcessorConfiguration' of type [org.springframework.security.config.annotation.configuration.ObjectPostProcessorConfiguration$$EnhancerBySpringCGLIB$$f26d9dd] is not eligible for getting processed by all BeanPostProcessors (for example: not eligible for auto-proxying)
٢٠٢٠-١٠-٢٨ ١٤:٣٢:٠٤.٢٦٢  INFO 3916 --- [main] trationDelegate$BeanPostProcessorChecker : Bean 'objectPostProcessor' of type [org.springframework.security.config.annotation.configuration.AutowireBeanFactoryObjectPostProcessor] is not eligible for getting processed by all BeanPostProcessors (for example: not eligible for auto-proxying)
٢٠٢٠-١٠-٢٨ ١٤:٣٢:٠٤.٢٦٥  INFO 3916 --- [main] trationDelegate$BeanPostProcessorChecker : Bean 'org.springframework.security.access.expression.method.DefaultMethodSecurityExpressionHandler@24e08d59' of type [org.springframework.security.access.expression.method.DefaultMethodSecurityExpressionHandler] is not eligible for getting processed by all BeanPostProcessors (for example: not eligible for auto-proxying)
٢٠٢٠-١٠-٢٨ ١٤:٣٢:٠٤.٢٦٨  INFO 3916 --- [main] trationDelegate$BeanPostProcessorChecker : Bean 'org.springframework.security.config.annotation.method.configuration.GlobalMethodSecurityConfiguration' of type [org.springframework.security.config.annotation.method.configuration.GlobalMethodSecurityConfiguration$$EnhancerBySpringCGLIB$$33fb7c8f] is not eligible for getting processed by all BeanPostProcessors (for example: not eligible for auto-proxying)
٢٠٢٠-١٠-٢٨ ١٤:٣٢:٠٤.٢٨٣  INFO 3916 --- [main] trationDelegate$BeanPostProcessorChecker : Bean 'methodSecurityMetadataSource' of type [org.springframework.security.access.method.DelegatingMethodSecurityMetadataSource] is not eligible for getting processed by all BeanPostProcessors (for example: not eligible for auto-proxying)
٢٠٢٠-١٠-٢٨ ١٤:٣٢:٠٥.٢١٣  INFO 3916 --- [main] o.s.b.w.embedded.tomcat.TomcatWebServer  : Tomcat initialized with port(s): 8080 (http)
٢٠٢٠-١٠-٢٨ ١٤:٣٢:٠٥.٢٧٠  INFO 3916 --- [main] o.apache.catalina.core.StandardService   : Starting service [Tomcat]
٢٠٢٠-١٠-٢٨ ١٤:٣٢:٠٥.٢٧١  INFO 3916 --- [main] org.apache.catalina.core.StandardEngine  : Starting Servlet engine: [Apache Tomcat/9.0.19]
٢٠٢٠-١٠-٢٨ ١٤:٣٢:٠٥.٥٣٤  INFO 3916 --- [main] o.a.c.c.C.[Tomcat].[localhost].[/]       : Initializing Spring embedded WebApplicationContext
٢٠٢٠-١٠-٢٨ ١٤:٣٢:٠٥.٥٣٤  INFO 3916 --- [main] o.s.web.context.ContextLoader            : Root WebApplicationContext: initialization completed in 3700 ms
٢٠٢٠-١٠-٢٨ ١٤:٣٢:٠٥.٩٨٩  INFO 3916 --- [main] com.zaxxer.hikari.HikariDataSource       : HikariPool-1 - Starting...
٢٠٢٠-١٠-٢٨ ١٤:٣٢:٠٦.٢٨٨  INFO 3916 --- [main] com.zaxxer.hikari.HikariDataSource       : HikariPool-1 - Start completed.
٢٠٢٠-١٠-٢٨ ١٤:٣٢:٠٦.٣٩٦  INFO 3916 --- [main] o.hibernate.jpa.internal.util.LogHelper  : HHH000204: Processing PersistenceUnitInfo [
	name: default
	...]
٢٠٢٠-١٠-٢٨ ١٤:٣٢:٠٦.٥٥٥  INFO 3916 --- [main] org.hibernate.Version                    : HHH000412: Hibernate Core {5.3.10.Final}
٢٠٢٠-١٠-٢٨ ١٤:٣٢:٠٦.٥٥٨  INFO 3916 --- [main] org.hibernate.cfg.Environment            : HHH000206: hibernate.properties not found
٢٠٢٠-١٠-٢٨ ١٤:٣٢:٠٦.٨٠٦  INFO 3916 --- [main] o.hibernate.annotations.common.Version   : HCANN000001: Hibernate Commons Annotations {5.0.4.Final}
٢٠٢٠-١٠-٢٨ ١٤:٣٢:٠٧.١٤٤  INFO 3916 --- [main] org.hibernate.dialect.Dialect            : HHH000400: Using dialect: org.hibernate.dialect.H2Dialect
٢٠٢٠-١٠-٢٨ ١٤:٣٢:٠٨.٥٧٨  INFO 3916 --- [main] j.LocalContainerEntityManagerFactoryBean : Initialized JPA EntityManagerFactory for persistence unit 'default'
٢٠٢٠-١٠-٢٨ ١٤:٣٢:٠٩.٨٤٥  INFO 3916 --- [main] o.s.s.web.DefaultSecurityFilterChain     : Creating filter chain: any request, [org.springframework.security.web.context.request.async.WebAsyncManagerIntegrationFilter@4a3516fd, org.springframework.security.web.context.SecurityContextPersistenceFilter@780dbed7, org.springframework.security.web.header.HeaderWriterFilter@1d535b78, org.springframework.web.filter.CorsFilter@3ba96967, org.springframework.security.web.authentication.logout.LogoutFilter@5e3d84a, com.example.demo.model.security.JWTAuthenticationFilter@5764d421, com.example.demo.model.security.JWTAuthorizationVerficationFilter@1237cade, org.springframework.security.web.savedrequest.RequestCacheAwareFilter@5718e77c, org.springframework.security.web.servletapi.SecurityContextHolderAwareRequestFilter@4e1b5532, org.springframework.security.web.authentication.AnonymousAuthenticationFilter@70d7a49b, org.springframework.security.web.session.SessionManagementFilter@55a66bbf, org.springframework.security.web.access.ExceptionTranslationFilter@44a485bc, org.springframework.security.web.access.intercept.FilterSecurityInterceptor@753e4eb5]
٢٠٢٠-١٠-٢٨ ١٤:٣٢:١٠.٢٠٨  INFO 3916 --- [main] o.s.s.concurrent.ThreadPoolTaskExecutor  : Initializing ExecutorService 'applicationTaskExecutor'
٢٠٢٠-١٠-٢٨ ١٤:٣٢:١٠.٢٨٥  WARN 3916 --- [main] aWebConfiguration$JpaWebMvcConfiguration : spring.jpa.open-in-view is enabled by default. Therefore, database queries may be performed during view rendering. Explicitly configure spring.jpa.open-in-view to disable this warning
٢٠٢٠-١٠-٢٨ ١٤:٣٢:١٠.٨٩٧  INFO 3916 --- [main] o.s.b.w.embedded.tomcat.TomcatWebServer  : Tomcat started on port(s): 8080 (http) with context path ''
٢٠٢٠-١٠-٢٨ ١٤:٣٢:١٠.٩٠٨  INFO 3916 --- [main] com.example.demo.SareetaApplication      : Started SareetaApplication in 10.06 seconds (JVM running for 11.313)
٢٠٢٠-١٠-٢٨ ١٤:٣٢:٢٦.٣٣٦  INFO 3916 --- [http-nio-8080-exec-1] o.a.c.c.C.[Tomcat].[localhost].[/]       : Initializing Spring DispatcherServlet 'dispatcherServlet'
٢٠٢٠-١٠-٢٨ ١٤:٣٢:٢٦.٣٣٧  INFO 3916 --- [http-nio-8080-exec-1] o.s.web.servlet.DispatcherServlet        : Initializing Servlet 'dispatcherServlet'
٢٠٢٠-١٠-٢٨ ١٤:٣٢:٢٦.٣٦٣  INFO 3916 --- [http-nio-8080-exec-1] o.s.web.servlet.DispatcherServlet        : Completed initialization in 25 ms
٢٠٢٠-١٠-٢٨ ١٤:٣٢:٢٦.٨٥٦  INFO 3916 --- [http-nio-8080-exec-1] c.e.demo.controllers.UserController      : The User : Blue  Created successes
٢٠٢٠-١٠-٢٨ ١٤:٣٤:٠١.٠٤٣  INFO 3916 --- [http-nio-8080-exec-3] o.h.h.i.QueryTranslatorFactoryInitiator  : HHH000397: Using ASTQueryTranslatorFactory
٢٠٢٠-١٠-٢٨ ١٤:٣٤:٤٩.٤٦٧  INFO 3916 --- [http-nio-8080-exec-5] c.e.demo.controllers.UserController      : the User :Blue add item :Square Widget to the cart successes
٢٠٢٠-١٠-٢٨ ١٤:٣٦:٣٩.٧٤٣  INFO 3916 --- [http-nio-8080-exec-7] org.apache.tomcat.util.http.Parameters   : Invalid chunk starting at byte [0] and ending at byte [1] with a value of [=] ignored
 Note: further occurrences of Parameter errors will be logged at DEBUG level.
٢٠٢٠-١٠-٢٨ ١٤:٣٧:٠٥.٧١٥  INFO 3916 --- [http-nio-8080-exec-9] c.e.demo.controllers.UserController      : The User : BlueFish123  Created successes
٢٠٢٠-١٠-٢٨ ١٤:٣٧:١٦.٠٤٢  INFO 3916 --- [http-nio-8080-exec-10] c.e.demo.controllers.UserController      : the User :Blue add item :Square Widget to the cart successes
٢٠٢٠-١٠-٢٨ ١٤:٣٧:٤٤.٧٧٨  INFO 3916 --- [http-nio-8080-exec-2] c.e.demo.controllers.UserController      : the User :BlueFish123 add item :Square Widget to the cart successes
٢٠٢٠-١٠-٢٨ ١٥:٤٠:٥٧.٠٩٩  INFO 10036 --- [main] com.example.demo.SareetaApplication      : Starting SareetaApplication on Hani with PID 10036 (started by cris in C:\EclipseWorkspaces\csse120\P04-eCommerce Application\starter_code)
٢٠٢٠-١٠-٢٨ ١٥:٤٠:٥٧.١٣٨  INFO 10036 --- [main] com.example.demo.SareetaApplication      : No active profile set, falling back to default profiles: default
٢٠٢٠-١٠-٢٨ ١٥:٤٠:٥٨.٩٥٩  INFO 10036 --- [main] .s.d.r.c.RepositoryConfigurationDelegate : Bootstrapping Spring Data repositories in DEFAULT mode.
٢٠٢٠-١٠-٢٨ ١٥:٤٠:٥٩.٠٧١  INFO 10036 --- [main] .s.d.r.c.RepositoryConfigurationDelegate : Finished Spring Data repository scanning in 93ms. Found 4 repository interfaces.
٢٠٢٠-١٠-٢٨ ١٥:٤١:٠٠.١٧١  INFO 10036 --- [main] trationDelegate$BeanPostProcessorChecker : Bean 'org.springframework.transaction.annotation.ProxyTransactionManagementConfiguration' of type [org.springframework.transaction.annotation.ProxyTransactionManagementConfiguration$$EnhancerBySpringCGLIB$$1be4cc54] is not eligible for getting processed by all BeanPostProcessors (for example: not eligible for auto-proxying)
٢٠٢٠-١٠-٢٨ ١٥:٤١:٠٠.٢٥٩  INFO 10036 --- [main] trationDelegate$BeanPostProcessorChecker : Bean 'org.springframework.security.config.annotation.configuration.ObjectPostProcessorConfiguration' of type [org.springframework.security.config.annotation.configuration.ObjectPostProcessorConfiguration$$EnhancerBySpringCGLIB$$b492948e] is not eligible for getting processed by all BeanPostProcessors (for example: not eligible for auto-proxying)
٢٠٢٠-١٠-٢٨ ١٥:٤١:٠٠.٢٧٤  INFO 10036 --- [main] trationDelegate$BeanPostProcessorChecker : Bean 'objectPostProcessor' of type [org.springframework.security.config.annotation.configuration.AutowireBeanFactoryObjectPostProcessor] is not eligible for getting processed by all BeanPostProcessors (for example: not eligible for auto-proxying)
٢٠٢٠-١٠-٢٨ ١٥:٤١:٠٠.٢٧٨  INFO 10036 --- [main] trationDelegate$BeanPostProcessorChecker : Bean 'org.springframework.security.access.expression.method.DefaultMethodSecurityExpressionHandler@59546cfe' of type [org.springframework.security.access.expression.method.DefaultMethodSecurityExpressionHandler] is not eligible for getting processed by all BeanPostProcessors (for example: not eligible for auto-proxying)
٢٠٢٠-١٠-٢٨ ١٥:٤١:٠٠.٢٩٣  INFO 10036 --- [main] trationDelegate$BeanPostProcessorChecker : Bean 'org.springframework.security.config.annotation.method.configuration.GlobalMethodSecurityConfiguration' of type [org.springframework.security.config.annotation.method.configuration.GlobalMethodSecurityConfiguration$$EnhancerBySpringCGLIB$$d9673740] is not eligible for getting processed by all BeanPostProcessors (for example: not eligible for auto-proxying)
٢٠٢٠-١٠-٢٨ ١٥:٤١:٠٠.٣٣٣  INFO 10036 --- [main] trationDelegate$BeanPostProcessorChecker : Bean 'methodSecurityMetadataSource' of type [org.springframework.security.access.method.DelegatingMethodSecurityMetadataSource] is not eligible for getting processed by all BeanPostProcessors (for example: not eligible for auto-proxying)
٢٠٢٠-١٠-٢٨ ١٥:٤١:٠١.٤٥٦  INFO 10036 --- [main] o.s.b.w.embedded.tomcat.TomcatWebServer  : Tomcat initialized with port(s): 8080 (http)
٢٠٢٠-١٠-٢٨ ١٥:٤١:٠١.٥٠٩  INFO 10036 --- [main] o.apache.catalina.core.StandardService   : Starting service [Tomcat]
٢٠٢٠-١٠-٢٨ ١٥:٤١:٠١.٥١٠  INFO 10036 --- [main] org.apache.catalina.core.StandardEngine  : Starting Servlet engine: [Apache Tomcat/9.0.19]
٢٠٢٠-١٠-٢٨ ١٥:٤١:٠١.٧٨٦  INFO 10036 --- [main] o.a.c.c.C.[Tomcat].[localhost].[/]       : Initializing Spring embedded WebApplicationContext
٢٠٢٠-١٠-٢٨ ١٥:٤١:٠١.٧٨٧  INFO 10036 --- [main] o.s.web.context.ContextLoader            : Root WebApplicationContext: initialization completed in 4478 ms
٢٠٢٠-١٠-٢٨ ١٥:٤١:٠٢.٠٧٢  INFO 10036 --- [main] com.zaxxer.hikari.HikariDataSource       : HikariPool-1 - Starting...
٢٠٢٠-١٠-٢٨ ١٥:٤١:٠٢.٣٦٦  INFO 10036 --- [main] com.zaxxer.hikari.HikariDataSource       : HikariPool-1 - Start completed.
٢٠٢٠-١٠-٢٨ ١٥:٤١:٠٢.٥٠٧  INFO 10036 --- [main] o.hibernate.jpa.internal.util.LogHelper  : HHH000204: Processing PersistenceUnitInfo [
	name: default
	...]
٢٠٢٠-١٠-٢٨ ١٥:٤١:٠٢.٦٩٩  INFO 10036 --- [main] org.hibernate.Version                    : HHH000412: Hibernate Core {5.3.10.Final}
٢٠٢٠-١٠-٢٨ ١٥:٤١:٠٢.٧٠٣  INFO 10036 --- [main] org.hibernate.cfg.Environment            : HHH000206: hibernate.properties not found
٢٠٢٠-١٠-٢٨ ١٥:٤١:٠٣.٠٣٣  INFO 10036 --- [main] o.hibernate.annotations.common.Version   : HCANN000001: Hibernate Commons Annotations {5.0.4.Final}
٢٠٢٠-١٠-٢٨ ١٥:٤١:٠٣.٢٥٢  INFO 10036 --- [main] org.hibernate.dialect.Dialect            : HHH000400: Using dialect: org.hibernate.dialect.H2Dialect
٢٠٢٠-١٠-٢٨ ١٥:٤١:٠٥.٠١٢  INFO 10036 --- [main] j.LocalContainerEntityManagerFactoryBean : Initialized JPA EntityManagerFactory for persistence unit 'default'
٢٠٢٠-١٠-٢٨ ١٥:٤١:٠٦.٤٥٩  INFO 10036 --- [main] o.s.s.web.DefaultSecurityFilterChain     : Creating filter chain: any request, [org.springframework.security.web.context.request.async.WebAsyncManagerIntegrationFilter@348bd063, org.springframework.security.web.context.SecurityContextPersistenceFilter@5443086a, org.springframework.security.web.header.HeaderWriterFilter@2b506a79, org.springframework.web.filter.CorsFilter@3d73cd78, org.springframework.security.web.authentication.logout.LogoutFilter@38a52072, com.example.demo.model.security.JWTAuthenticationFilter@acd115d, com.example.demo.model.security.JWTAuthorizationVerficationFilter@45cf0c15, org.springframework.security.web.savedrequest.RequestCacheAwareFilter@40a84ea8, org.springframework.security.web.servletapi.SecurityContextHolderAwareRequestFilter@37a1beb3, org.springframework.security.web.authentication.AnonymousAuthenticationFilter@2f2dc407, org.springframework.security.web.session.SessionManagementFilter@43ca96a0, org.springframework.security.web.access.ExceptionTranslationFilter@4c78e00c, org.springframework.security.web.access.intercept.FilterSecurityInterceptor@32f14274]
٢٠٢٠-١٠-٢٨ ١٥:٤١:٠٦.٨٨٨  INFO 10036 --- [main] o.s.s.concurrent.ThreadPoolTaskExecutor  : Initializing ExecutorService 'applicationTaskExecutor'
٢٠٢٠-١٠-٢٨ ١٥:٤١:٠٦.٩٧١  WARN 10036 --- [main] aWebConfiguration$JpaWebMvcConfiguration : spring.jpa.open-in-view is enabled by default. Therefore, database queries may be performed during view rendering. Explicitly configure spring.jpa.open-in-view to disable this warning
٢٠٢٠-١٠-٢٨ ١٥:٤١:٠٧.٨٣٥  INFO 10036 --- [main] o.s.b.w.embedded.tomcat.TomcatWebServer  : Tomcat started on port(s): 8080 (http) with context path ''
٢٠٢٠-١٠-٢٨ ١٥:٤١:٠٧.٨٤١  INFO 10036 --- [main] com.example.demo.SareetaApplication      : Started SareetaApplication in 11.669 seconds (JVM running for 12.45)
٢٠٢٠-١٠-٢٨ ١٥:٤٢:٥٦.٠٩٥  INFO 10036 --- [http-nio-8080-exec-1] o.a.c.c.C.[Tomcat].[localhost].[/]       : Initializing Spring DispatcherServlet 'dispatcherServlet'
٢٠٢٠-١٠-٢٨ ١٥:٤٢:٥٦.٠٩٦  INFO 10036 --- [http-nio-8080-exec-1] o.s.web.servlet.DispatcherServlet        : Initializing Servlet 'dispatcherServlet'
٢٠٢٠-١٠-٢٨ ١٥:٤٢:٥٦.١١٢  INFO 10036 --- [http-nio-8080-exec-1] o.s.web.servlet.DispatcherServlet        : Completed initialization in 16 ms
٢٠٢٠-١٠-٢٨ ١٥:٤٣:٠٧.٧٢٥  INFO 10036 --- [http-nio-8080-exec-1] c.e.demo.controllers.UserController      : The User : test  Created successes
٢٠٢٠-١٠-٢٨ ١٥:٤٣:١٩.٨٦٧  INFO 10036 --- [http-nio-8080-exec-2] o.h.h.i.QueryTranslatorFactoryInitiator  : HHH000397: Using ASTQueryTranslatorFactory
٢٠٢٠-١٠-٢٨ ١٥:٤٣:٣٨.٢٤٤  INFO 10036 --- [http-nio-8080-exec-3] c.e.demo.controllers.UserController      : the User :test add item :Square Widget to the cart successes
٢٠٢٠-١٠-٢٨ ١٥:٤٨:١٢.١٣٦  INFO 10036 --- [http-nio-8080-exec-10] c.e.demo.controllers.UserController      : the User :test add item :Square Widget to the cart successes
٢٠٢٠-١٠-٢٨ ١٥:٤٨:٢٠.٢٠٣  INFO 10036 --- [http-nio-8080-exec-1] org.apache.tomcat.util.http.Parameters   : Invalid chunk starting at byte [0] and ending at byte [1] with a value of [=] ignored
 Note: further occurrences of Parameter errors will be logged at DEBUG level.
٢٠٢٠-١٠-٢٨ ١٥:٤٨:٢٠.٢٣١  INFO 10036 --- [http-nio-8080-exec-1] c.e.demo.controllers.UserController      : the User :test add item :Square Widget to the cart successes
٢٠٢٠-١٠-٢٨ ١٥:٤٨:٢٦.٢٥٤  INFO 10036 --- [http-nio-8080-exec-2] c.e.demo.controllers.UserController      : the User :test add item :Square Widget to the cart successes
٢٠٢٠-١٠-٢٨ ١٥:٤٨:٣٢.٥٦٥  INFO 10036 --- [http-nio-8080-exec-3] c.e.demo.controllers.UserController      : the User :test add item :Square Widget to the cart successes
٢٠٢٠-١٠-٢٨ ١٥:٤٨:٣٣.٧٨٤  INFO 10036 --- [http-nio-8080-exec-4] c.e.demo.controllers.UserController      : the User :test add item :Square Widget to the cart successes
٢٠٢٠-١٠-٢٨ ١٥:٤٨:٣٤.٦٩١  INFO 10036 --- [http-nio-8080-exec-5] c.e.demo.controllers.UserController      : the User :test add item :Square Widget to the cart successes
٢٠٢٠-١٠-٢٨ ١٥:٤٩:٢٧.٧٦٦  INFO 10036 --- [http-nio-8080-exec-1] c.e.demo.controllers.UserController      : the User :test add item :Square Widget to the cart successes
٢٠٢٠-١٠-٢٨ ١٥:٤٩:٥١.٦٣٦  INFO 10036 --- [http-nio-8080-exec-2] c.e.demo.controllers.UserController      : the User :test add item :Square Widget to the cart successes
٢٠٢٠-١٠-٢٨ ١٥:٤٩:٥٣.٥٣٥  INFO 10036 --- [http-nio-8080-exec-3] c.e.demo.controllers.UserController      : the User :test add item :Square Widget to the cart successes
٢٠٢٠-١٠-٢٨ ١٥:٥٠:١١.١٢٧  INFO 10036 --- [http-nio-8080-exec-5] c.e.demo.controllers.UserController      : the User :test add item :Square Widget to the cart successes
٢٠٢٠-١٠-٢٨ ١٥:٥١:٢٤.٥٧٤  INFO 10036 --- [http-nio-8080-exec-7] c.e.demo.controllers.UserController      : The User : Blue  Created successes
٢٠٢٠-١٠-٢٨ ١٥:٥١:٢٧.٥٢٣  INFO 10036 --- [http-nio-8080-exec-8] c.e.demo.controllers.UserController      : the User :test add item :Square Widget to the cart successes
٢٠٢٠-١٠-٢٨ ١٥:٥٤:١٤.٧٩٥  INFO 10036 --- [http-nio-8080-exec-2] c.e.demo.controllers.UserController      : the User :Blue add item :Square Widget to the cart successes
٢٠٢٠-١٠-٢٨ ١٥:٥٤:٤٣.٥٨١  INFO 10036 --- [http-nio-8080-exec-3] c.e.demo.controllers.UserController      : the User :test add item :Square Widget to the cart successes
٢٠٢٠-١٠-٢٨ ١٥:٥٥:٢١.٨٢٩  INFO 10036 --- [http-nio-8080-exec-4] c.e.demo.controllers.UserController      : The User : Blue1  Created successes
٢٠٢٠-١٠-٢٨ ١٥:٥٥:٢٩.٨١٩  INFO 10036 --- [http-nio-8080-exec-5] c.e.demo.controllers.UserController      : the User :Blue1 add item :Round Widget to the cart successes
٢٠٢٠-١٠-٢٨ ١٥:٥٧:٣٧.٧١٣  INFO 10036 --- [http-nio-8080-exec-7] c.e.demo.controllers.UserController      : The User : Blue2  Created successes
٢٠٢٠-١٠-٢٨ ١٥:٥٧:٥١.٤٤٧  INFO 10036 --- [http-nio-8080-exec-9] c.e.demo.controllers.UserController      : the User :Blue2 add item :Round Widget to the cart successes
٢٠٢٠-١٠-٢٨ ١٥:٥٧:٥٣.٧٣٦  INFO 10036 --- [http-nio-8080-exec-10] c.e.demo.controllers.UserController      : the User :Blue2 add item :Round Widget to the cart successes
٢٠٢٠-١٠-٢٨ ١٥:٥٧:٥٤.٩٨٢  INFO 10036 --- [http-nio-8080-exec-1] c.e.demo.controllers.UserController      : the User :Blue2 add item :Round Widget to the cart successes
٢٠٢٠-١٠-٢٨ ١٥:٥٨:٠٠.٠٨٣  INFO 10036 --- [http-nio-8080-exec-2] c.e.demo.controllers.UserController      : the User :Blue2 add item :Square Widget to the cart successes
٢٠٢٠-١٠-٢٨ ١٥:٥٨:٠٩.٢٦٨  INFO 10036 --- [http-nio-8080-exec-3] c.e.demo.controllers.UserController      : The User : Blue3  Created successes
٢٠٢٠-١٠-٢٨ ١٥:٥٨:٢١.٩١٥  INFO 10036 --- [http-nio-8080-exec-5] c.e.demo.controllers.UserController      : the User :Blue3 add item :Square Widget to the cart successes
٢٠٢٠-١٠-٢٨ ١٦:٠٤:٥٣.٨٤٨  INFO 10036 --- [http-nio-8080-exec-6] c.e.demo.controllers.UserController      : The User : Blue4  Created successes
٢٠٢٠-١٠-٢٨ ١٦:٠٥:١٩.٤٦٠  INFO 10036 --- [http-nio-8080-exec-8] c.e.demo.controllers.UserController      : the User :Blue4 add item :Square Widget to the cart successes
